<?xml version="1.0" encoding="utf-8"?>
<CoverageSession xmlns:xsd="http://www.w3.org/2001/XMLSchema" xmlns:xsi="http://www.w3.org/2001/XMLSchema-instance" Version="0.0.0.0">
  <Summary numSequencePoints="1388" visitedSequencePoints="191" numBranchPoints="0" visitedBranchPoints="0" sequenceCoverage="13.76" branchCoverage="0.0" maxCyclomaticComplexity="31" minCyclomaticComplexity="1" maxCrapScore="992" minCrapScore="1" visitedClasses="19" numClasses="54" visitedMethods="52" numMethods="302" />
  <Modules>
    <Module>
      <Summary numSequencePoints="528" visitedSequencePoints="35" numBranchPoints="0" visitedBranchPoints="0" sequenceCoverage="6.63" branchCoverage="0.0" maxCyclomaticComplexity="31" minCyclomaticComplexity="1" maxCrapScore="992" minCrapScore="1" visitedClasses="4" numClasses="17" visitedMethods="9" numMethods="86" />
      <ModuleTime>0001-01-01T00:00:00</ModuleTime>
      <ModuleName>Utilities</ModuleName>
      <Files>
        <File uid="1" fullPath="C:/Users/jason/Development/Projects/Anoroc Project/Anoroc Project/Assets/Scripts/Utilities/Helpers/FileHelper.cs" />
        <File uid="2" fullPath="C:/Users/jason/Development/Projects/Anoroc Project/Anoroc Project/Assets/Scripts/Utilities/Helpers/MonoSingleton.cs" />
        <File uid="3" fullPath="C:/Users/jason/Development/Projects/Anoroc Project/Anoroc Project/Assets/Scripts/Utilities/Helpers/Reflection.cs" />
        <File uid="4" fullPath="C:/Users/jason/Development/Projects/Anoroc Project/Anoroc Project/Assets/Scripts/Utilities/Helpers/SerializableGUID.cs" />
        <File uid="5" fullPath="C:/Users/jason/Development/Projects/Anoroc Project/Anoroc Project/Assets/Scripts/Utilities/Helpers/String.cs" />
        <File uid="6" fullPath="C:/Users/jason/Development/Projects/Anoroc Project/Anoroc Project/Assets/Scripts/Utilities/Helpers/ObservableList.cs" />
        <File uid="7" fullPath="C:/Users/jason/Development/Projects/Anoroc Project/Anoroc Project/Assets/Scripts/Utilities/Helpers/SerializableDictionary.cs" />
        <File uid="8" fullPath="C:/Users/jason/Development/Projects/Anoroc Project/Anoroc Project/Assets/Scripts/Utilities/Helpers/Linq.cs" />
        <File uid="9" fullPath="C:/Users/jason/Development/Projects/Anoroc Project/Anoroc Project/Assets/Scripts/Utilities/Helpers/PropertyHelper.cs" />
      </Files>
      <Classes>
        <Class>
          <Summary numSequencePoints="107" visitedSequencePoints="0" numBranchPoints="0" visitedBranchPoints="0" sequenceCoverage="0.0" branchCoverage="0.0" maxCyclomaticComplexity="4" minCyclomaticComplexity="1" maxCrapScore="20" minCrapScore="2" visitedClasses="0" numClasses="1" visitedMethods="0" numMethods="18" />
          <FullName>Utilities.FileHelper</FullName>
          <Methods>
            <Method visited="false" cyclomaticComplexity="1" nPathComplexity="0" sequenceCoverage="0.0" branchCoverage="0" crapScore="2" isConstructor="false" isStatic="true" isGetter="false" isSetter="false">
              <Summary numSequencePoints="3" visitedSequencePoints="0" numBranchPoints="0" visitedBranchPoints="0" sequenceCoverage="0.0" branchCoverage="0" maxCyclomaticComplexity="1" minCyclomaticComplexity="1" maxCrapScore="2" minCrapScore="2" visitedClasses="0" numClasses="0" visitedMethods="0" numMethods="1" />
              <MetadataToken>100663301</MetadataToken>
              <Name>static System.String Utilities.FileHelper::GetFileName(System.String)</Name>
              <FileRef uid="1" />
              <SequencePoints>
                <SequencePoint vc="0" uspid="2777" ordinal="0" offset="0" sl="52" sc="0" el="52" ec="0" bec="0" bev="0" fileid="1" />
                <SequencePoint vc="0" uspid="2778" ordinal="0" offset="1" sl="53" sc="0" el="53" ec="0" bec="0" bev="0" fileid="1" />
                <SequencePoint vc="0" uspid="2779" ordinal="0" offset="15" sl="54" sc="0" el="54" ec="0" bec="0" bev="0" fileid="1" />
              </SequencePoints>
              <BranchPoints />
            </Method>
            <Method visited="false" cyclomaticComplexity="3" nPathComplexity="0" sequenceCoverage="0.0" branchCoverage="0" crapScore="12" isConstructor="false" isStatic="true" isGetter="false" isSetter="false">
              <Summary numSequencePoints="7" visitedSequencePoints="0" numBranchPoints="0" visitedBranchPoints="0" sequenceCoverage="0.0" branchCoverage="0" maxCyclomaticComplexity="3" minCyclomaticComplexity="3" maxCrapScore="12" minCrapScore="12" visitedClasses="0" numClasses="0" visitedMethods="0" numMethods="1" />
              <MetadataToken>100663302</MetadataToken>
              <Name>static System.Void Utilities.FileHelper::CopyFileTo(System.String, System.String)</Name>
              <FileRef uid="1" />
              <SequencePoints>
                <SequencePoint vc="0" uspid="2780" ordinal="0" offset="0" sl="62" sc="0" el="62" ec="0" bec="0" bev="0" fileid="1" />
                <SequencePoint vc="0" uspid="2781" ordinal="0" offset="1" sl="63" sc="0" el="63" ec="0" bec="0" bev="0" fileid="1" />
                <SequencePoint vc="0" uspid="2782" ordinal="0" offset="11" sl="64" sc="0" el="64" ec="0" bec="0" bev="0" fileid="1" />
                <SequencePoint vc="0" uspid="2783" ordinal="0" offset="18" sl="66" sc="0" el="66" ec="0" bec="0" bev="0" fileid="1" />
                <SequencePoint vc="0" uspid="2784" ordinal="0" offset="31" sl="67" sc="0" el="67" ec="0" bec="0" bev="0" fileid="1" />
                <SequencePoint vc="0" uspid="2785" ordinal="0" offset="53" sl="69" sc="0" el="69" ec="0" bec="0" bev="0" fileid="1" />
                <SequencePoint vc="0" uspid="2786" ordinal="0" offset="61" sl="70" sc="0" el="70" ec="0" bec="0" bev="0" fileid="1" />
              </SequencePoints>
              <BranchPoints />
            </Method>
            <Method visited="false" cyclomaticComplexity="2" nPathComplexity="0" sequenceCoverage="0.0" branchCoverage="0" crapScore="6" isConstructor="false" isStatic="true" isGetter="false" isSetter="false">
              <Summary numSequencePoints="4" visitedSequencePoints="0" numBranchPoints="0" visitedBranchPoints="0" sequenceCoverage="0.0" branchCoverage="0" maxCyclomaticComplexity="2" minCyclomaticComplexity="2" maxCrapScore="6" minCrapScore="6" visitedClasses="0" numClasses="0" visitedMethods="0" numMethods="1" />
              <MetadataToken>100663303</MetadataToken>
              <Name>static System.Void Utilities.FileHelper::CreateFile(System.String)</Name>
              <FileRef uid="1" />
              <SequencePoints>
                <SequencePoint vc="0" uspid="2787" ordinal="0" offset="0" sl="77" sc="0" el="77" ec="0" bec="0" bev="0" fileid="1" />
                <SequencePoint vc="0" uspid="2788" ordinal="0" offset="1" sl="78" sc="0" el="78" ec="0" bec="0" bev="0" fileid="1" />
                <SequencePoint vc="0" uspid="2789" ordinal="0" offset="14" sl="79" sc="0" el="79" ec="0" bec="0" bev="0" fileid="1" />
                <SequencePoint vc="0" uspid="2790" ordinal="0" offset="21" sl="80" sc="0" el="80" ec="0" bec="0" bev="0" fileid="1" />
              </SequencePoints>
              <BranchPoints />
            </Method>
            <Method visited="false" cyclomaticComplexity="1" nPathComplexity="0" sequenceCoverage="0.0" branchCoverage="0" crapScore="2" isConstructor="false" isStatic="true" isGetter="false" isSetter="false">
              <Summary numSequencePoints="4" visitedSequencePoints="0" numBranchPoints="0" visitedBranchPoints="0" sequenceCoverage="0.0" branchCoverage="0" maxCyclomaticComplexity="1" minCyclomaticComplexity="1" maxCrapScore="2" minCrapScore="2" visitedClasses="0" numClasses="0" visitedMethods="0" numMethods="1" />
              <MetadataToken>100663304</MetadataToken>
              <Name>static System.Void Utilities.FileHelper::AppendToFile(System.String, System.String[])</Name>
              <FileRef uid="1" />
              <SequencePoints>
                <SequencePoint vc="0" uspid="2791" ordinal="0" offset="0" sl="83" sc="0" el="83" ec="0" bec="0" bev="0" fileid="1" />
                <SequencePoint vc="0" uspid="2792" ordinal="0" offset="1" sl="84" sc="0" el="84" ec="0" bec="0" bev="0" fileid="1" />
                <SequencePoint vc="0" uspid="2793" ordinal="0" offset="8" sl="85" sc="0" el="85" ec="0" bec="0" bev="0" fileid="1" />
                <SequencePoint vc="0" uspid="2794" ordinal="0" offset="16" sl="86" sc="0" el="86" ec="0" bec="0" bev="0" fileid="1" />
              </SequencePoints>
              <BranchPoints />
            </Method>
            <Method visited="false" cyclomaticComplexity="4" nPathComplexity="0" sequenceCoverage="0.0" branchCoverage="0" crapScore="20" isConstructor="false" isStatic="true" isGetter="false" isSetter="false">
              <Summary numSequencePoints="17" visitedSequencePoints="0" numBranchPoints="0" visitedBranchPoints="0" sequenceCoverage="0.0" branchCoverage="0" maxCyclomaticComplexity="4" minCyclomaticComplexity="4" maxCrapScore="20" minCrapScore="20" visitedClasses="0" numClasses="0" visitedMethods="0" numMethods="1" />
              <MetadataToken>100663305</MetadataToken>
              <Name>static System.String Utilities.FileHelper::CalculateHASH(System.IO.FileInfo[])</Name>
              <FileRef uid="1" />
              <SequencePoints>
                <SequencePoint vc="0" uspid="2795" ordinal="0" offset="0" sl="94" sc="0" el="94" ec="0" bec="0" bev="0" fileid="1" />
                <SequencePoint vc="0" uspid="2796" ordinal="0" offset="1" sl="95" sc="0" el="95" ec="0" bec="0" bev="0" fileid="1" />
                <SequencePoint vc="0" uspid="2797" ordinal="0" offset="7" sl="96" sc="0" el="96" ec="0" bec="0" bev="0" fileid="1" />
                <SequencePoint vc="0" uspid="2798" ordinal="0" offset="8" sl="97" sc="0" el="97" ec="0" bec="0" bev="0" fileid="1" />
                <SequencePoint vc="0" uspid="2799" ordinal="0" offset="14" sl="98" sc="0" el="98" ec="0" bec="0" bev="0" fileid="1" />
                <SequencePoint vc="0" uspid="2800" ordinal="0" offset="15" sl="98" sc="0" el="98" ec="0" bec="0" bev="0" fileid="1" />
                <SequencePoint vc="0" uspid="2801" ordinal="0" offset="22" sl="98" sc="0" el="98" ec="0" bec="0" bev="0" fileid="1" />
                <SequencePoint vc="0" uspid="2802" ordinal="0" offset="28" sl="99" sc="0" el="99" ec="0" bec="0" bev="0" fileid="1" />
                <SequencePoint vc="0" uspid="2803" ordinal="0" offset="29" sl="100" sc="0" el="100" ec="0" bec="0" bev="0" fileid="1" />
                <SequencePoint vc="0" uspid="2804" ordinal="0" offset="43" sl="101" sc="0" el="101" ec="0" bec="0" bev="0" fileid="1" />
                <SequencePoint vc="0" uspid="2805" ordinal="0" offset="44" sl="102" sc="0" el="102" ec="0" bec="0" bev="0" fileid="1" />
                <SequencePoint vc="0" uspid="2806" ordinal="0" offset="59" sl="103" sc="0" el="103" ec="0" bec="0" bev="0" fileid="1" />
                <SequencePoint vc="0" uspid="2807" ordinal="0" offset="75" sl="104" sc="0" el="104" ec="0" bec="0" bev="0" fileid="1" />
                <SequencePoint vc="0" uspid="2808" ordinal="0" offset="82" sl="98" sc="0" el="98" ec="0" bec="0" bev="0" fileid="1" />
                <SequencePoint vc="0" uspid="2809" ordinal="0" offset="89" sl="106" sc="0" el="106" ec="0" bec="0" bev="0" fileid="1" />
                <SequencePoint vc="0" uspid="2810" ordinal="0" offset="127" sl="107" sc="0" el="107" ec="0" bec="0" bev="0" fileid="1" />
                <SequencePoint vc="0" uspid="2811" ordinal="0" offset="143" sl="109" sc="0" el="109" ec="0" bec="0" bev="0" fileid="1" />
              </SequencePoints>
              <BranchPoints />
            </Method>
            <Method visited="false" cyclomaticComplexity="1" nPathComplexity="0" sequenceCoverage="0.0" branchCoverage="0" crapScore="2" isConstructor="false" isStatic="true" isGetter="false" isSetter="false">
              <Summary numSequencePoints="3" visitedSequencePoints="0" numBranchPoints="0" visitedBranchPoints="0" sequenceCoverage="0.0" branchCoverage="0" maxCyclomaticComplexity="1" minCyclomaticComplexity="1" maxCrapScore="2" minCrapScore="2" visitedClasses="0" numClasses="0" visitedMethods="0" numMethods="1" />
              <MetadataToken>100663306</MetadataToken>
              <Name>static System.IO.DirectoryInfo Utilities.FileHelper::GetDirectory(System.IO.DirectoryInfo, System.String)</Name>
              <FileRef uid="1" />
              <SequencePoints>
                <SequencePoint vc="0" uspid="2812" ordinal="0" offset="0" sl="118" sc="0" el="118" ec="0" bec="0" bev="0" fileid="1" />
                <SequencePoint vc="0" uspid="2813" ordinal="0" offset="1" sl="119" sc="0" el="119" ec="0" bec="0" bev="0" fileid="1" />
                <SequencePoint vc="0" uspid="2814" ordinal="0" offset="16" sl="120" sc="0" el="120" ec="0" bec="0" bev="0" fileid="1" />
              </SequencePoints>
              <BranchPoints />
            </Method>
            <Method visited="false" cyclomaticComplexity="1" nPathComplexity="0" sequenceCoverage="0.0" branchCoverage="0" crapScore="2" isConstructor="false" isStatic="true" isGetter="false" isSetter="false">
              <Summary numSequencePoints="3" visitedSequencePoints="0" numBranchPoints="0" visitedBranchPoints="0" sequenceCoverage="0.0" branchCoverage="0" maxCyclomaticComplexity="1" minCyclomaticComplexity="1" maxCrapScore="2" minCrapScore="2" visitedClasses="0" numClasses="0" visitedMethods="0" numMethods="1" />
              <MetadataToken>100663307</MetadataToken>
              <Name>static System.IO.DirectoryInfo Utilities.FileHelper::GetDirectory(System.String, System.String)</Name>
              <FileRef uid="1" />
              <SequencePoints>
                <SequencePoint vc="0" uspid="2815" ordinal="0" offset="0" sl="129" sc="0" el="129" ec="0" bec="0" bev="0" fileid="1" />
                <SequencePoint vc="0" uspid="2816" ordinal="0" offset="1" sl="130" sc="0" el="130" ec="0" bec="0" bev="0" fileid="1" />
                <SequencePoint vc="0" uspid="2817" ordinal="0" offset="21" sl="131" sc="0" el="131" ec="0" bec="0" bev="0" fileid="1" />
              </SequencePoints>
              <BranchPoints />
            </Method>
            <Method visited="false" cyclomaticComplexity="1" nPathComplexity="0" sequenceCoverage="0.0" branchCoverage="0" crapScore="2" isConstructor="false" isStatic="true" isGetter="false" isSetter="false">
              <Summary numSequencePoints="3" visitedSequencePoints="0" numBranchPoints="0" visitedBranchPoints="0" sequenceCoverage="0.0" branchCoverage="0" maxCyclomaticComplexity="1" minCyclomaticComplexity="1" maxCrapScore="2" minCrapScore="2" visitedClasses="0" numClasses="0" visitedMethods="0" numMethods="1" />
              <MetadataToken>100663308</MetadataToken>
              <Name>static System.IO.FileInfo Utilities.FileHelper::GetFile(System.IO.DirectoryInfo, System.String)</Name>
              <FileRef uid="1" />
              <SequencePoints>
                <SequencePoint vc="0" uspid="2818" ordinal="0" offset="0" sl="140" sc="0" el="140" ec="0" bec="0" bev="0" fileid="1" />
                <SequencePoint vc="0" uspid="2819" ordinal="0" offset="1" sl="141" sc="0" el="141" ec="0" bec="0" bev="0" fileid="1" />
                <SequencePoint vc="0" uspid="2820" ordinal="0" offset="16" sl="142" sc="0" el="142" ec="0" bec="0" bev="0" fileid="1" />
              </SequencePoints>
              <BranchPoints />
            </Method>
            <Method visited="false" cyclomaticComplexity="2" nPathComplexity="0" sequenceCoverage="0.0" branchCoverage="0" crapScore="6" isConstructor="false" isStatic="true" isGetter="false" isSetter="false">
              <Summary numSequencePoints="5" visitedSequencePoints="0" numBranchPoints="0" visitedBranchPoints="0" sequenceCoverage="0.0" branchCoverage="0" maxCyclomaticComplexity="2" minCyclomaticComplexity="2" maxCrapScore="6" minCrapScore="6" visitedClasses="0" numClasses="0" visitedMethods="0" numMethods="1" />
              <MetadataToken>100663309</MetadataToken>
              <Name>static System.IO.FileInfo Utilities.FileHelper::GetFile(System.String, System.String)</Name>
              <FileRef uid="1" />
              <SequencePoints>
                <SequencePoint vc="0" uspid="2821" ordinal="0" offset="0" sl="151" sc="0" el="151" ec="0" bec="0" bev="0" fileid="1" />
                <SequencePoint vc="0" uspid="2822" ordinal="0" offset="1" sl="152" sc="0" el="152" ec="0" bec="0" bev="0" fileid="1" />
                <SequencePoint vc="0" uspid="2823" ordinal="0" offset="9" sl="152" sc="0" el="152" ec="0" bec="0" bev="0" fileid="1" />
                <SequencePoint vc="0" uspid="2824" ordinal="0" offset="18" sl="153" sc="0" el="153" ec="0" bec="0" bev="0" fileid="1" />
                <SequencePoint vc="0" uspid="2825" ordinal="0" offset="33" sl="154" sc="0" el="154" ec="0" bec="0" bev="0" fileid="1" />
              </SequencePoints>
              <BranchPoints />
            </Method>
            <Method visited="false" cyclomaticComplexity="4" nPathComplexity="0" sequenceCoverage="0.0" branchCoverage="0" crapScore="20" isConstructor="false" isStatic="true" isGetter="false" isSetter="false">
              <Summary numSequencePoints="8" visitedSequencePoints="0" numBranchPoints="0" visitedBranchPoints="0" sequenceCoverage="0.0" branchCoverage="0" maxCyclomaticComplexity="4" minCyclomaticComplexity="4" maxCrapScore="20" minCrapScore="20" visitedClasses="0" numClasses="0" visitedMethods="0" numMethods="1" />
              <MetadataToken>100663310</MetadataToken>
              <Name>static System.IO.FileInfo[] Utilities.FileHelper::GetFiles(System.IO.DirectoryInfo, System.String[])</Name>
              <FileRef uid="1" />
              <SequencePoints>
                <SequencePoint vc="0" uspid="2826" ordinal="0" offset="13" sl="164" sc="0" el="164" ec="0" bec="0" bev="0" fileid="1" />
                <SequencePoint vc="0" uspid="2827" ordinal="0" offset="14" sl="165" sc="0" el="165" ec="0" bec="0" bev="0" fileid="1" />
                <SequencePoint vc="0" uspid="2828" ordinal="0" offset="33" sl="166" sc="0" el="166" ec="0" bec="0" bev="0" fileid="1" />
                <SequencePoint vc="0" uspid="2829" ordinal="0" offset="42" sl="168" sc="0" el="168" ec="0" bec="0" bev="0" fileid="1" />
                <SequencePoint vc="0" uspid="2830" ordinal="0" offset="49" sl="170" sc="0" el="170" ec="0" bec="0" bev="0" fileid="1" />
                <SequencePoint vc="0" uspid="2831" ordinal="0" offset="69" sl="171" sc="0" el="171" ec="0" bec="0" bev="0" fileid="1" />
                <SequencePoint vc="0" uspid="2832" ordinal="0" offset="93" sl="173" sc="0" el="173" ec="0" bec="0" bev="0" fileid="1" />
                <SequencePoint vc="0" uspid="2833" ordinal="0" offset="97" sl="174" sc="0" el="174" ec="0" bec="0" bev="0" fileid="1" />
              </SequencePoints>
              <BranchPoints />
            </Method>
            <Method visited="false" cyclomaticComplexity="2" nPathComplexity="0" sequenceCoverage="0.0" branchCoverage="0" crapScore="6" isConstructor="false" isStatic="true" isGetter="false" isSetter="false">
              <Summary numSequencePoints="5" visitedSequencePoints="0" numBranchPoints="0" visitedBranchPoints="0" sequenceCoverage="0.0" branchCoverage="0" maxCyclomaticComplexity="2" minCyclomaticComplexity="2" maxCrapScore="6" minCrapScore="6" visitedClasses="0" numClasses="0" visitedMethods="0" numMethods="1" />
              <MetadataToken>100663311</MetadataToken>
              <Name>static System.String Utilities.FileHelper::GetNameWithoutGenericArity(System.Type)</Name>
              <FileRef uid="1" />
              <SequencePoints>
                <SequencePoint vc="0" uspid="2834" ordinal="0" offset="0" sl="178" sc="0" el="178" ec="0" bec="0" bev="0" fileid="1" />
                <SequencePoint vc="0" uspid="2835" ordinal="0" offset="1" sl="179" sc="0" el="179" ec="0" bec="0" bev="0" fileid="1" />
                <SequencePoint vc="0" uspid="2836" ordinal="0" offset="8" sl="180" sc="0" el="180" ec="0" bec="0" bev="0" fileid="1" />
                <SequencePoint vc="0" uspid="2837" ordinal="0" offset="17" sl="181" sc="0" el="181" ec="0" bec="0" bev="0" fileid="1" />
                <SequencePoint vc="0" uspid="2838" ordinal="0" offset="35" sl="182" sc="0" el="182" ec="0" bec="0" bev="0" fileid="1" />
              </SequencePoints>
              <BranchPoints />
            </Method>
            <Method visited="false" cyclomaticComplexity="1" nPathComplexity="0" sequenceCoverage="0.0" branchCoverage="0" crapScore="2" isConstructor="false" isStatic="true" isGetter="false" isSetter="false">
              <Summary numSequencePoints="3" visitedSequencePoints="0" numBranchPoints="0" visitedBranchPoints="0" sequenceCoverage="0.0" branchCoverage="0" maxCyclomaticComplexity="1" minCyclomaticComplexity="1" maxCrapScore="2" minCrapScore="2" visitedClasses="0" numClasses="0" visitedMethods="0" numMethods="1" />
              <MetadataToken>100663312</MetadataToken>
              <Name>static System.String Utilities.FileHelper::GetAbsolutePath(System.String)</Name>
              <FileRef uid="1" />
              <SequencePoints>
                <SequencePoint vc="0" uspid="2839" ordinal="0" offset="0" sl="185" sc="0" el="185" ec="0" bec="0" bev="0" fileid="1" />
                <SequencePoint vc="0" uspid="2840" ordinal="0" offset="1" sl="186" sc="0" el="186" ec="0" bec="0" bev="0" fileid="1" />
                <SequencePoint vc="0" uspid="2841" ordinal="0" offset="35" sl="187" sc="0" el="187" ec="0" bec="0" bev="0" fileid="1" />
              </SequencePoints>
              <BranchPoints />
            </Method>
            <Method visited="false" cyclomaticComplexity="2" nPathComplexity="0" sequenceCoverage="0.0" branchCoverage="0" crapScore="6" isConstructor="false" isStatic="true" isGetter="false" isSetter="false">
              <Summary numSequencePoints="5" visitedSequencePoints="0" numBranchPoints="0" visitedBranchPoints="0" sequenceCoverage="0.0" branchCoverage="0" maxCyclomaticComplexity="2" minCyclomaticComplexity="2" maxCrapScore="6" minCrapScore="6" visitedClasses="0" numClasses="0" visitedMethods="0" numMethods="1" />
              <MetadataToken>100663313</MetadataToken>
              <Name>static System.IO.DirectoryInfo Utilities.FileHelper::GetParentDirectory(System.String)</Name>
              <FileRef uid="1" />
              <SequencePoints>
                <SequencePoint vc="0" uspid="2842" ordinal="0" offset="0" sl="190" sc="0" el="190" ec="0" bec="0" bev="0" fileid="1" />
                <SequencePoint vc="0" uspid="2843" ordinal="0" offset="1" sl="191" sc="0" el="191" ec="0" bec="0" bev="0" fileid="1" />
                <SequencePoint vc="0" uspid="2844" ordinal="0" offset="14" sl="192" sc="0" el="192" ec="0" bec="0" bev="0" fileid="1" />
                <SequencePoint vc="0" uspid="2845" ordinal="0" offset="18" sl="194" sc="0" el="194" ec="0" bec="0" bev="0" fileid="1" />
                <SequencePoint vc="0" uspid="2846" ordinal="0" offset="32" sl="195" sc="0" el="195" ec="0" bec="0" bev="0" fileid="1" />
              </SequencePoints>
              <BranchPoints />
            </Method>
            <Method visited="false" cyclomaticComplexity="2" nPathComplexity="0" sequenceCoverage="0.0" branchCoverage="0" crapScore="6" isConstructor="false" isStatic="true" isGetter="false" isSetter="false">
              <Summary numSequencePoints="7" visitedSequencePoints="0" numBranchPoints="0" visitedBranchPoints="0" sequenceCoverage="0.0" branchCoverage="0" maxCyclomaticComplexity="2" minCyclomaticComplexity="2" maxCrapScore="6" minCrapScore="6" visitedClasses="0" numClasses="0" visitedMethods="0" numMethods="1" />
              <MetadataToken>100663314</MetadataToken>
              <Name>static System.String Utilities.FileHelper::GetAssetPath(System.String)</Name>
              <FileRef uid="1" />
              <SequencePoints>
                <SequencePoint vc="0" uspid="2847" ordinal="0" offset="0" sl="208" sc="0" el="208" ec="0" bec="0" bev="0" fileid="1" />
                <SequencePoint vc="0" uspid="2848" ordinal="0" offset="1" sl="209" sc="0" el="209" ec="0" bec="0" bev="0" fileid="1" />
                <SequencePoint vc="0" uspid="2849" ordinal="0" offset="13" sl="211" sc="0" el="211" ec="0" bec="0" bev="0" fileid="1" />
                <SequencePoint vc="0" uspid="2850" ordinal="0" offset="25" sl="212" sc="0" el="212" ec="0" bec="0" bev="0" fileid="1" />
                <SequencePoint vc="0" uspid="2851" ordinal="0" offset="35" sl="213" sc="0" el="213" ec="0" bec="0" bev="0" fileid="1" />
                <SequencePoint vc="0" uspid="2852" ordinal="0" offset="55" sl="215" sc="0" el="215" ec="0" bec="0" bev="0" fileid="1" />
                <SequencePoint vc="0" uspid="2853" ordinal="0" offset="59" sl="216" sc="0" el="216" ec="0" bec="0" bev="0" fileid="1" />
              </SequencePoints>
              <BranchPoints />
            </Method>
            <Method visited="false" cyclomaticComplexity="2" nPathComplexity="0" sequenceCoverage="0.0" branchCoverage="0" crapScore="6" isConstructor="false" isStatic="true" isGetter="false" isSetter="false">
              <Summary numSequencePoints="12" visitedSequencePoints="0" numBranchPoints="0" visitedBranchPoints="0" sequenceCoverage="0.0" branchCoverage="0" maxCyclomaticComplexity="2" minCyclomaticComplexity="2" maxCrapScore="6" minCrapScore="6" visitedClasses="0" numClasses="0" visitedMethods="0" numMethods="1" />
              <MetadataToken>100663315</MetadataToken>
              <Name>static System.Void Utilities.FileHelper::PrintAllScripts()</Name>
              <FileRef uid="1" />
              <SequencePoints>
                <SequencePoint vc="0" uspid="2854" ordinal="0" offset="0" sl="219" sc="0" el="219" ec="0" bec="0" bev="0" fileid="1" />
                <SequencePoint vc="0" uspid="2855" ordinal="0" offset="1" sl="220" sc="0" el="220" ec="0" bec="0" bev="0" fileid="1" />
                <SequencePoint vc="0" uspid="2856" ordinal="0" offset="12" sl="221" sc="0" el="221" ec="0" bec="0" bev="0" fileid="1" />
                <SequencePoint vc="0" uspid="2857" ordinal="0" offset="18" sl="222" sc="0" el="222" ec="0" bec="0" bev="0" fileid="1" />
                <SequencePoint vc="0" uspid="2858" ordinal="0" offset="19" sl="222" sc="0" el="222" ec="0" bec="0" bev="0" fileid="1" />
                <SequencePoint vc="0" uspid="2859" ordinal="0" offset="25" sl="222" sc="0" el="222" ec="0" bec="0" bev="0" fileid="1" />
                <SequencePoint vc="0" uspid="2860" ordinal="0" offset="30" sl="223" sc="0" el="223" ec="0" bec="0" bev="0" fileid="1" />
                <SequencePoint vc="0" uspid="2861" ordinal="0" offset="31" sl="224" sc="0" el="224" ec="0" bec="0" bev="0" fileid="1" />
                <SequencePoint vc="0" uspid="2862" ordinal="0" offset="50" sl="225" sc="0" el="225" ec="0" bec="0" bev="0" fileid="1" />
                <SequencePoint vc="0" uspid="2863" ordinal="0" offset="55" sl="222" sc="0" el="222" ec="0" bec="0" bev="0" fileid="1" />
                <SequencePoint vc="0" uspid="2864" ordinal="0" offset="61" sl="226" sc="0" el="226" ec="0" bec="0" bev="0" fileid="1" />
                <SequencePoint vc="0" uspid="2865" ordinal="0" offset="68" sl="228" sc="0" el="228" ec="0" bec="0" bev="0" fileid="1" />
              </SequencePoints>
              <BranchPoints />
            </Method>
            <Method visited="false" cyclomaticComplexity="3" nPathComplexity="0" sequenceCoverage="0.0" branchCoverage="0" crapScore="12" isConstructor="false" isStatic="true" isGetter="false" isSetter="false">
              <Summary numSequencePoints="13" visitedSequencePoints="0" numBranchPoints="0" visitedBranchPoints="0" sequenceCoverage="0.0" branchCoverage="0" maxCyclomaticComplexity="3" minCyclomaticComplexity="3" maxCrapScore="12" minCrapScore="12" visitedClasses="0" numClasses="0" visitedMethods="0" numMethods="1" />
              <MetadataToken>100663316</MetadataToken>
              <Name>static System.String Utilities.FileHelper::GetAssetFilePathByType(System.Type)</Name>
              <FileRef uid="1" />
              <SequencePoints>
                <SequencePoint vc="0" uspid="2866" ordinal="0" offset="0" sl="231" sc="0" el="231" ec="0" bec="0" bev="0" fileid="1" />
                <SequencePoint vc="0" uspid="2867" ordinal="0" offset="1" sl="232" sc="0" el="232" ec="0" bec="0" bev="0" fileid="1" />
                <SequencePoint vc="0" uspid="2868" ordinal="0" offset="23" sl="233" sc="0" el="233" ec="0" bec="0" bev="0" fileid="1" />
                <SequencePoint vc="0" uspid="2869" ordinal="0" offset="24" sl="233" sc="0" el="233" ec="0" bec="0" bev="0" fileid="1" />
                <SequencePoint vc="0" uspid="2870" ordinal="0" offset="30" sl="233" sc="0" el="233" ec="0" bec="0" bev="0" fileid="1" />
                <SequencePoint vc="0" uspid="2871" ordinal="0" offset="34" sl="234" sc="0" el="234" ec="0" bec="0" bev="0" fileid="1" />
                <SequencePoint vc="0" uspid="2872" ordinal="0" offset="35" sl="235" sc="0" el="235" ec="0" bec="0" bev="0" fileid="1" />
                <SequencePoint vc="0" uspid="2873" ordinal="0" offset="43" sl="236" sc="0" el="236" ec="0" bec="0" bev="0" fileid="1" />
                <SequencePoint vc="0" uspid="2874" ordinal="0" offset="72" sl="237" sc="0" el="237" ec="0" bec="0" bev="0" fileid="1" />
                <SequencePoint vc="0" uspid="2875" ordinal="0" offset="78" sl="238" sc="0" el="238" ec="0" bec="0" bev="0" fileid="1" />
                <SequencePoint vc="0" uspid="2876" ordinal="0" offset="83" sl="233" sc="0" el="233" ec="0" bec="0" bev="0" fileid="1" />
                <SequencePoint vc="0" uspid="2877" ordinal="0" offset="89" sl="240" sc="0" el="240" ec="0" bec="0" bev="0" fileid="1" />
                <SequencePoint vc="0" uspid="2878" ordinal="0" offset="98" sl="241" sc="0" el="241" ec="0" bec="0" bev="0" fileid="1" />
              </SequencePoints>
              <BranchPoints />
            </Method>
            <Method visited="false" cyclomaticComplexity="1" nPathComplexity="0" sequenceCoverage="0.0" branchCoverage="0" crapScore="2" isConstructor="false" isStatic="true" isGetter="false" isSetter="false">
              <Summary numSequencePoints="4" visitedSequencePoints="0" numBranchPoints="0" visitedBranchPoints="0" sequenceCoverage="0.0" branchCoverage="0" maxCyclomaticComplexity="1" minCyclomaticComplexity="1" maxCrapScore="2" minCrapScore="2" visitedClasses="0" numClasses="0" visitedMethods="0" numMethods="1" />
              <MetadataToken>100663317</MetadataToken>
              <Name>static System.String Utilities.FileHelper::GetAssetDirectoryPathByType(System.Type)</Name>
              <FileRef uid="1" />
              <SequencePoints>
                <SequencePoint vc="0" uspid="2879" ordinal="0" offset="0" sl="244" sc="0" el="244" ec="0" bec="0" bev="0" fileid="1" />
                <SequencePoint vc="0" uspid="2880" ordinal="0" offset="1" sl="245" sc="0" el="245" ec="0" bec="0" bev="0" fileid="1" />
                <SequencePoint vc="0" uspid="2881" ordinal="0" offset="8" sl="246" sc="0" el="246" ec="0" bec="0" bev="0" fileid="1" />
                <SequencePoint vc="0" uspid="2882" ordinal="0" offset="29" sl="247" sc="0" el="247" ec="0" bec="0" bev="0" fileid="1" />
              </SequencePoints>
              <BranchPoints />
            </Method>
            <Method visited="false" cyclomaticComplexity="1" nPathComplexity="0" sequenceCoverage="0.0" branchCoverage="0" crapScore="2" isConstructor="true" isStatic="true" isGetter="false" isSetter="false">
              <Summary numSequencePoints="1" visitedSequencePoints="0" numBranchPoints="0" visitedBranchPoints="0" sequenceCoverage="0.0" branchCoverage="0" maxCyclomaticComplexity="1" minCyclomaticComplexity="1" maxCrapScore="2" minCrapScore="2" visitedClasses="0" numClasses="0" visitedMethods="0" numMethods="1" />
              <MetadataToken>100663318</MetadataToken>
              <Name>static Utilities.FileHelper::FileHelper()</Name>
              <FileRef uid="1" />
              <SequencePoints>
                <SequencePoint vc="0" uspid="2883" ordinal="0" offset="0" sl="41" sc="0" el="41" ec="0" bec="0" bev="0" fileid="1" />
              </SequencePoints>
              <BranchPoints />
            </Method>
          </Methods>
        </Class>
        <Class>
          <Summary numSequencePoints="27" visitedSequencePoints="4" numBranchPoints="0" visitedBranchPoints="0" sequenceCoverage="14.81" branchCoverage="0.0" maxCyclomaticComplexity="5" minCyclomaticComplexity="2" maxCrapScore="30" minCrapScore="6" visitedClasses="1" numClasses="1" visitedMethods="1" numMethods="4" />
          <FullName>Utilities.MonoSingleton[T]</FullName>
          <Methods>
            <Method visited="false" cyclomaticComplexity="5" nPathComplexity="0" sequenceCoverage="0.0" branchCoverage="0" crapScore="30" isConstructor="false" isStatic="true" isGetter="true" isSetter="false">
              <Summary numSequencePoints="6" visitedSequencePoints="0" numBranchPoints="0" visitedBranchPoints="0" sequenceCoverage="0.0" branchCoverage="0" maxCyclomaticComplexity="5" minCyclomaticComplexity="5" maxCrapScore="30" minCrapScore="30" visitedClasses="0" numClasses="0" visitedMethods="0" numMethods="1" />
              <MetadataToken>100663319</MetadataToken>
              <Name>static T Utilities.MonoSingleton[T]::get_Instance()</Name>
              <FileRef uid="2" />
              <SequencePoints>
                <SequencePoint vc="0" uspid="2884" ordinal="0" offset="0" sl="16" sc="0" el="16" ec="0" bec="0" bev="0" fileid="2" />
                <SequencePoint vc="0" uspid="2885" ordinal="0" offset="1" sl="17" sc="0" el="17" ec="0" bec="0" bev="0" fileid="2" />
                <SequencePoint vc="0" uspid="2886" ordinal="0" offset="23" sl="19" sc="0" el="19" ec="0" bec="0" bev="0" fileid="2" />
                <SequencePoint vc="0" uspid="2887" ordinal="0" offset="43" sl="20" sc="0" el="20" ec="0" bec="0" bev="0" fileid="2" />
                <SequencePoint vc="0" uspid="2888" ordinal="0" offset="86" sl="21" sc="0" el="21" ec="0" bec="0" bev="0" fileid="2" />
                <SequencePoint vc="0" uspid="2889" ordinal="0" offset="94" sl="22" sc="0" el="22" ec="0" bec="0" bev="0" fileid="2" />
              </SequencePoints>
              <BranchPoints />
            </Method>
            <Method visited="false" cyclomaticComplexity="3" nPathComplexity="0" sequenceCoverage="0.0" branchCoverage="0" crapScore="12" isConstructor="false" isStatic="false" isGetter="false" isSetter="false">
              <Summary numSequencePoints="6" visitedSequencePoints="0" numBranchPoints="0" visitedBranchPoints="0" sequenceCoverage="0.0" branchCoverage="0" maxCyclomaticComplexity="3" minCyclomaticComplexity="3" maxCrapScore="12" minCrapScore="12" visitedClasses="0" numClasses="0" visitedMethods="0" numMethods="1" />
              <MetadataToken>100663320</MetadataToken>
              <Name>System.Void Utilities.MonoSingleton[T]::Awake()</Name>
              <FileRef uid="2" />
              <SequencePoints>
                <SequencePoint vc="0" uspid="2890" ordinal="0" offset="0" sl="26" sc="0" el="26" ec="0" bec="0" bev="0" fileid="2" />
                <SequencePoint vc="0" uspid="2891" ordinal="0" offset="1" sl="27" sc="0" el="27" ec="0" bec="0" bev="0" fileid="2" />
                <SequencePoint vc="0" uspid="2892" ordinal="0" offset="21" sl="28" sc="0" el="28" ec="0" bec="0" bev="0" fileid="2" />
                <SequencePoint vc="0" uspid="2893" ordinal="0" offset="39" sl="29" sc="0" el="29" ec="0" bec="0" bev="0" fileid="2" />
                <SequencePoint vc="0" uspid="2894" ordinal="0" offset="59" sl="30" sc="0" el="30" ec="0" bec="0" bev="0" fileid="2" />
                <SequencePoint vc="0" uspid="2895" ordinal="0" offset="66" sl="31" sc="0" el="31" ec="0" bec="0" bev="0" fileid="2" />
              </SequencePoints>
              <BranchPoints />
            </Method>
            <Method visited="true" cyclomaticComplexity="5" nPathComplexity="0" sequenceCoverage="40.00" branchCoverage="0" crapScore="10.40" isConstructor="false" isStatic="false" isGetter="false" isSetter="false">
              <Summary numSequencePoints="10" visitedSequencePoints="4" numBranchPoints="0" visitedBranchPoints="0" sequenceCoverage="40.00" branchCoverage="0" maxCyclomaticComplexity="5" minCyclomaticComplexity="5" maxCrapScore="10.40" minCrapScore="10.40" visitedClasses="0" numClasses="0" visitedMethods="1" numMethods="1" />
              <MetadataToken>100663321</MetadataToken>
              <Name>System.Void Utilities.MonoSingleton[T]::OnValidate()</Name>
              <FileRef uid="2" />
              <SequencePoints>
                <SequencePoint vc="2" uspid="2896" ordinal="0" offset="0" sl="34" sc="0" el="34" ec="0" bec="0" bev="0" fileid="2" />
                <SequencePoint vc="2" uspid="2897" ordinal="0" offset="1" sl="35" sc="0" el="35" ec="0" bec="0" bev="0" fileid="2" />
                <SequencePoint vc="2" uspid="2898" ordinal="0" offset="21" sl="36" sc="0" el="36" ec="0" bec="0" bev="0" fileid="2" />
                <SequencePoint vc="0" uspid="2899" ordinal="0" offset="39" sl="37" sc="0" el="37" ec="0" bec="0" bev="0" fileid="2" />
                <SequencePoint vc="0" uspid="2900" ordinal="0" offset="59" sl="38" sc="0" el="38" ec="0" bec="0" bev="0" fileid="2" />
                <SequencePoint vc="0" uspid="2901" ordinal="0" offset="60" sl="39" sc="0" el="39" ec="0" bec="0" bev="0" fileid="2" />
                <SequencePoint vc="0" uspid="2902" ordinal="0" offset="99" sl="41" sc="0" el="41" ec="0" bec="0" bev="0" fileid="2" />
                <SequencePoint vc="0" uspid="2903" ordinal="0" offset="131" sl="42" sc="0" el="42" ec="0" bec="0" bev="0" fileid="2" />
                <SequencePoint vc="0" uspid="2904" ordinal="0" offset="163" sl="44" sc="0" el="44" ec="0" bec="0" bev="0" fileid="2" />
                <SequencePoint vc="2" uspid="2905" ordinal="0" offset="164" sl="45" sc="0" el="45" ec="0" bec="0" bev="0" fileid="2" />
              </SequencePoints>
              <BranchPoints />
            </Method>
            <Method visited="false" cyclomaticComplexity="2" nPathComplexity="0" sequenceCoverage="0.0" branchCoverage="0" crapScore="6" isConstructor="false" isStatic="false" isGetter="false" isSetter="false">
              <Summary numSequencePoints="5" visitedSequencePoints="0" numBranchPoints="0" visitedBranchPoints="0" sequenceCoverage="0.0" branchCoverage="0" maxCyclomaticComplexity="2" minCyclomaticComplexity="2" maxCrapScore="6" minCrapScore="6" visitedClasses="0" numClasses="0" visitedMethods="0" numMethods="1" />
              <MetadataToken>100663322</MetadataToken>
              <Name>System.Void Utilities.MonoSingleton[T]::DestroySelf()</Name>
              <FileRef uid="2" />
              <SequencePoints>
                <SequencePoint vc="0" uspid="2906" ordinal="0" offset="0" sl="49" sc="0" el="49" ec="0" bec="0" bev="0" fileid="2" />
                <SequencePoint vc="0" uspid="2907" ordinal="0" offset="1" sl="50" sc="0" el="50" ec="0" bec="0" bev="0" fileid="2" />
                <SequencePoint vc="0" uspid="2908" ordinal="0" offset="10" sl="51" sc="0" el="51" ec="0" bec="0" bev="0" fileid="2" />
                <SequencePoint vc="0" uspid="2909" ordinal="0" offset="19" sl="53" sc="0" el="53" ec="0" bec="0" bev="0" fileid="2" />
                <SequencePoint vc="0" uspid="2910" ordinal="0" offset="26" sl="54" sc="0" el="54" ec="0" bec="0" bev="0" fileid="2" />
              </SequencePoints>
              <BranchPoints />
            </Method>
          </Methods>
        </Class>
        <Class>
          <Summary numSequencePoints="179" visitedSequencePoints="0" numBranchPoints="0" visitedBranchPoints="0" sequenceCoverage="0.0" branchCoverage="0.0" maxCyclomaticComplexity="31" minCyclomaticComplexity="1" maxCrapScore="992" minCrapScore="2" visitedClasses="0" numClasses="1" visitedMethods="0" numMethods="20" />
          <FullName>Utilities.Reflection</FullName>
          <Methods>
            <Method visited="false" cyclomaticComplexity="1" nPathComplexity="0" sequenceCoverage="0.0" branchCoverage="0" crapScore="2" isConstructor="false" isStatic="true" isGetter="false" isSetter="false">
              <Summary numSequencePoints="3" visitedSequencePoints="0" numBranchPoints="0" visitedBranchPoints="0" sequenceCoverage="0.0" branchCoverage="0" maxCyclomaticComplexity="1" minCyclomaticComplexity="1" maxCrapScore="2" minCrapScore="2" visitedClasses="0" numClasses="0" visitedMethods="0" numMethods="1" />
              <MetadataToken>100663324</MetadataToken>
              <Name>static System.Type Utilities.Reflection::GetType(System.String)</Name>
              <FileRef uid="3" />
              <SequencePoints>
                <SequencePoint vc="0" uspid="2911" ordinal="0" offset="0" sl="56" sc="0" el="56" ec="0" bec="0" bev="0" fileid="3" />
                <SequencePoint vc="0" uspid="2912" ordinal="0" offset="1" sl="56" sc="0" el="56" ec="0" bec="0" bev="0" fileid="3" />
                <SequencePoint vc="0" uspid="2913" ordinal="0" offset="20" sl="56" sc="0" el="56" ec="0" bec="0" bev="0" fileid="3" />
              </SequencePoints>
              <BranchPoints />
            </Method>
            <Method visited="false" cyclomaticComplexity="4" nPathComplexity="0" sequenceCoverage="0.0" branchCoverage="0" crapScore="20" isConstructor="false" isStatic="true" isGetter="false" isSetter="false">
              <Summary numSequencePoints="15" visitedSequencePoints="0" numBranchPoints="0" visitedBranchPoints="0" sequenceCoverage="0.0" branchCoverage="0" maxCyclomaticComplexity="4" minCyclomaticComplexity="4" maxCrapScore="20" minCrapScore="20" visitedClasses="0" numClasses="0" visitedMethods="0" numMethods="1" />
              <MetadataToken>100663325</MetadataToken>
              <Name>static System.Type Utilities.Reflection::GetType(System.String, System.Reflection.Assembly[])</Name>
              <FileRef uid="3" />
              <SequencePoints>
                <SequencePoint vc="0" uspid="2914" ordinal="0" offset="0" sl="65" sc="0" el="65" ec="0" bec="0" bev="0" fileid="3" />
                <SequencePoint vc="0" uspid="2915" ordinal="0" offset="1" sl="66" sc="0" el="66" ec="0" bec="0" bev="0" fileid="3" />
                <SequencePoint vc="0" uspid="2916" ordinal="0" offset="8" sl="68" sc="0" el="68" ec="0" bec="0" bev="0" fileid="3" />
                <SequencePoint vc="0" uspid="2917" ordinal="0" offset="19" sl="69" sc="0" el="69" ec="0" bec="0" bev="0" fileid="3" />
                <SequencePoint vc="0" uspid="2918" ordinal="0" offset="23" sl="71" sc="0" el="71" ec="0" bec="0" bev="0" fileid="3" />
                <SequencePoint vc="0" uspid="2919" ordinal="0" offset="24" sl="71" sc="0" el="71" ec="0" bec="0" bev="0" fileid="3" />
                <SequencePoint vc="0" uspid="2920" ordinal="0" offset="31" sl="71" sc="0" el="71" ec="0" bec="0" bev="0" fileid="3" />
                <SequencePoint vc="0" uspid="2921" ordinal="0" offset="37" sl="72" sc="0" el="72" ec="0" bec="0" bev="0" fileid="3" />
                <SequencePoint vc="0" uspid="2922" ordinal="0" offset="38" sl="73" sc="0" el="73" ec="0" bec="0" bev="0" fileid="3" />
                <SequencePoint vc="0" uspid="2923" ordinal="0" offset="47" sl="74" sc="0" el="74" ec="0" bec="0" bev="0" fileid="3" />
                <SequencePoint vc="0" uspid="2924" ordinal="0" offset="60" sl="75" sc="0" el="75" ec="0" bec="0" bev="0" fileid="3" />
                <SequencePoint vc="0" uspid="2925" ordinal="0" offset="64" sl="76" sc="0" el="76" ec="0" bec="0" bev="0" fileid="3" />
                <SequencePoint vc="0" uspid="2926" ordinal="0" offset="71" sl="71" sc="0" el="71" ec="0" bec="0" bev="0" fileid="3" />
                <SequencePoint vc="0" uspid="2927" ordinal="0" offset="78" sl="77" sc="0" el="77" ec="0" bec="0" bev="0" fileid="3" />
                <SequencePoint vc="0" uspid="2928" ordinal="0" offset="82" sl="78" sc="0" el="78" ec="0" bec="0" bev="0" fileid="3" />
              </SequencePoints>
              <BranchPoints />
            </Method>
            <Method visited="false" cyclomaticComplexity="1" nPathComplexity="0" sequenceCoverage="0.0" branchCoverage="0" crapScore="2" isConstructor="false" isStatic="true" isGetter="false" isSetter="false">
              <Summary numSequencePoints="3" visitedSequencePoints="0" numBranchPoints="0" visitedBranchPoints="0" sequenceCoverage="0.0" branchCoverage="0" maxCyclomaticComplexity="1" minCyclomaticComplexity="1" maxCrapScore="2" minCrapScore="2" visitedClasses="0" numClasses="0" visitedMethods="0" numMethods="1" />
              <MetadataToken>100663326</MetadataToken>
              <Name>static System.Collections.Generic.IEnumerable[Type] Utilities.Reflection::GetAllTypes[T]()</Name>
              <FileRef uid="3" />
              <SequencePoints>
                <SequencePoint vc="0" uspid="2929" ordinal="0" offset="0" sl="85" sc="0" el="85" ec="0" bec="0" bev="0" fileid="3" />
                <SequencePoint vc="0" uspid="2930" ordinal="0" offset="1" sl="85" sc="0" el="85" ec="0" bec="0" bev="0" fileid="3" />
                <SequencePoint vc="0" uspid="2931" ordinal="0" offset="19" sl="85" sc="0" el="85" ec="0" bec="0" bev="0" fileid="3" />
              </SequencePoints>
              <BranchPoints />
            </Method>
            <Method visited="false" cyclomaticComplexity="2" nPathComplexity="0" sequenceCoverage="0.0" branchCoverage="0" crapScore="6" isConstructor="false" isStatic="true" isGetter="false" isSetter="false">
              <Summary numSequencePoints="6" visitedSequencePoints="0" numBranchPoints="0" visitedBranchPoints="0" sequenceCoverage="0.0" branchCoverage="0" maxCyclomaticComplexity="2" minCyclomaticComplexity="2" maxCrapScore="6" minCrapScore="6" visitedClasses="0" numClasses="0" visitedMethods="0" numMethods="1" />
              <MetadataToken>100663327</MetadataToken>
              <Name>static System.Collections.Generic.IEnumerable[Type] Utilities.Reflection::GetAllTypes[T](System.Reflection.Assembly[])</Name>
              <FileRef uid="3" />
              <SequencePoints>
                <SequencePoint vc="0" uspid="2932" ordinal="0" offset="6" sl="94" sc="0" el="94" ec="0" bec="0" bev="0" fileid="3" />
                <SequencePoint vc="0" uspid="2933" ordinal="0" offset="7" sl="95" sc="0" el="95" ec="0" bec="0" bev="0" fileid="3" />
                <SequencePoint vc="0" uspid="2934" ordinal="0" offset="23" sl="97" sc="0" el="97" ec="0" bec="0" bev="0" fileid="3" />
                <SequencePoint vc="0" uspid="2935" ordinal="0" offset="36" sl="97" sc="0" el="97" ec="0" bec="0" bev="0" fileid="3" />
                <SequencePoint vc="0" uspid="2936" ordinal="0" offset="44" sl="99" sc="0" el="99" ec="0" bec="0" bev="0" fileid="3" />
                <SequencePoint vc="0" uspid="2937" ordinal="0" offset="65" sl="104" sc="0" el="104" ec="0" bec="0" bev="0" fileid="3" />
              </SequencePoints>
              <BranchPoints />
            </Method>
            <Method visited="false" cyclomaticComplexity="1" nPathComplexity="0" sequenceCoverage="0.0" branchCoverage="0" crapScore="2" isConstructor="false" isStatic="true" isGetter="false" isSetter="false">
              <Summary numSequencePoints="3" visitedSequencePoints="0" numBranchPoints="0" visitedBranchPoints="0" sequenceCoverage="0.0" branchCoverage="0" maxCyclomaticComplexity="1" minCyclomaticComplexity="1" maxCrapScore="2" minCrapScore="2" visitedClasses="0" numClasses="0" visitedMethods="0" numMethods="1" />
              <MetadataToken>100663328</MetadataToken>
              <Name>static T Utilities.Reflection::CreateInstance[T](System.Object[])</Name>
              <FileRef uid="3" />
              <SequencePoints>
                <SequencePoint vc="0" uspid="2938" ordinal="0" offset="0" sl="115" sc="0" el="115" ec="0" bec="0" bev="0" fileid="3" />
                <SequencePoint vc="0" uspid="2939" ordinal="0" offset="1" sl="116" sc="0" el="116" ec="0" bec="0" bev="0" fileid="3" />
                <SequencePoint vc="0" uspid="2940" ordinal="0" offset="25" sl="117" sc="0" el="117" ec="0" bec="0" bev="0" fileid="3" />
              </SequencePoints>
              <BranchPoints />
            </Method>
            <Method visited="false" cyclomaticComplexity="1" nPathComplexity="0" sequenceCoverage="0.0" branchCoverage="0" crapScore="2" isConstructor="false" isStatic="true" isGetter="false" isSetter="false">
              <Summary numSequencePoints="3" visitedSequencePoints="0" numBranchPoints="0" visitedBranchPoints="0" sequenceCoverage="0.0" branchCoverage="0" maxCyclomaticComplexity="1" minCyclomaticComplexity="1" maxCrapScore="2" minCrapScore="2" visitedClasses="0" numClasses="0" visitedMethods="0" numMethods="1" />
              <MetadataToken>100663329</MetadataToken>
              <Name>static System.Object Utilities.Reflection::CreateInstance(System.String, System.Object[])</Name>
              <FileRef uid="3" />
              <SequencePoints>
                <SequencePoint vc="0" uspid="2941" ordinal="0" offset="0" sl="124" sc="0" el="124" ec="0" bec="0" bev="0" fileid="3" />
                <SequencePoint vc="0" uspid="2942" ordinal="0" offset="1" sl="124" sc="0" el="124" ec="0" bec="0" bev="0" fileid="3" />
                <SequencePoint vc="0" uspid="2943" ordinal="0" offset="33" sl="124" sc="0" el="124" ec="0" bec="0" bev="0" fileid="3" />
              </SequencePoints>
              <BranchPoints />
            </Method>
            <Method visited="false" cyclomaticComplexity="2" nPathComplexity="0" sequenceCoverage="0.0" branchCoverage="0" crapScore="6" isConstructor="false" isStatic="true" isGetter="false" isSetter="false">
              <Summary numSequencePoints="6" visitedSequencePoints="0" numBranchPoints="0" visitedBranchPoints="0" sequenceCoverage="0.0" branchCoverage="0" maxCyclomaticComplexity="2" minCyclomaticComplexity="2" maxCrapScore="6" minCrapScore="6" visitedClasses="0" numClasses="0" visitedMethods="0" numMethods="1" />
              <MetadataToken>100663330</MetadataToken>
              <Name>static System.Object Utilities.Reflection::CreateInstance(System.String, System.Reflection.Assembly[], System.Object[])</Name>
              <FileRef uid="3" />
              <SequencePoints>
                <SequencePoint vc="0" uspid="2944" ordinal="0" offset="0" sl="133" sc="0" el="133" ec="0" bec="0" bev="0" fileid="3" />
                <SequencePoint vc="0" uspid="2945" ordinal="0" offset="1" sl="134" sc="0" el="134" ec="0" bec="0" bev="0" fileid="3" />
                <SequencePoint vc="0" uspid="2946" ordinal="0" offset="9" sl="135" sc="0" el="135" ec="0" bec="0" bev="0" fileid="3" />
                <SequencePoint vc="0" uspid="2947" ordinal="0" offset="20" sl="135" sc="0" el="135" ec="0" bec="0" bev="0" fileid="3" />
                <SequencePoint vc="0" uspid="2948" ordinal="0" offset="24" sl="137" sc="0" el="137" ec="0" bec="0" bev="0" fileid="3" />
                <SequencePoint vc="0" uspid="2949" ordinal="0" offset="34" sl="138" sc="0" el="138" ec="0" bec="0" bev="0" fileid="3" />
              </SequencePoints>
              <BranchPoints />
            </Method>
            <Method visited="false" cyclomaticComplexity="1" nPathComplexity="0" sequenceCoverage="0.0" branchCoverage="0" crapScore="2" isConstructor="false" isStatic="true" isGetter="false" isSetter="false">
              <Summary numSequencePoints="3" visitedSequencePoints="0" numBranchPoints="0" visitedBranchPoints="0" sequenceCoverage="0.0" branchCoverage="0" maxCyclomaticComplexity="1" minCyclomaticComplexity="1" maxCrapScore="2" minCrapScore="2" visitedClasses="0" numClasses="0" visitedMethods="0" numMethods="1" />
              <MetadataToken>100663331</MetadataToken>
              <Name>static T Utilities.Reflection::CreateInstance[T](System.Type, System.Object[])</Name>
              <FileRef uid="3" />
              <SequencePoints>
                <SequencePoint vc="0" uspid="2950" ordinal="0" offset="0" sl="146" sc="0" el="146" ec="0" bec="0" bev="0" fileid="3" />
                <SequencePoint vc="0" uspid="2951" ordinal="0" offset="1" sl="146" sc="0" el="146" ec="0" bec="0" bev="0" fileid="3" />
                <SequencePoint vc="0" uspid="2952" ordinal="0" offset="16" sl="146" sc="0" el="146" ec="0" bec="0" bev="0" fileid="3" />
              </SequencePoints>
              <BranchPoints />
            </Method>
            <Method visited="false" cyclomaticComplexity="1" nPathComplexity="0" sequenceCoverage="0.0" branchCoverage="0" crapScore="2" isConstructor="false" isStatic="true" isGetter="false" isSetter="false">
              <Summary numSequencePoints="3" visitedSequencePoints="0" numBranchPoints="0" visitedBranchPoints="0" sequenceCoverage="0.0" branchCoverage="0" maxCyclomaticComplexity="1" minCyclomaticComplexity="1" maxCrapScore="2" minCrapScore="2" visitedClasses="0" numClasses="0" visitedMethods="0" numMethods="1" />
              <MetadataToken>100663332</MetadataToken>
              <Name>static System.Object Utilities.Reflection::CreateInstance(System.Type, System.Object[])</Name>
              <FileRef uid="3" />
              <SequencePoints>
                <SequencePoint vc="0" uspid="2953" ordinal="0" offset="0" sl="154" sc="0" el="154" ec="0" bec="0" bev="0" fileid="3" />
                <SequencePoint vc="0" uspid="2954" ordinal="0" offset="1" sl="155" sc="0" el="155" ec="0" bec="0" bev="0" fileid="3" />
                <SequencePoint vc="0" uspid="2955" ordinal="0" offset="11" sl="156" sc="0" el="156" ec="0" bec="0" bev="0" fileid="3" />
              </SequencePoints>
              <BranchPoints />
            </Method>
            <Method visited="false" cyclomaticComplexity="7" nPathComplexity="0" sequenceCoverage="0.0" branchCoverage="0" crapScore="56" isConstructor="false" isStatic="true" isGetter="false" isSetter="false">
              <Summary numSequencePoints="30" visitedSequencePoints="0" numBranchPoints="0" visitedBranchPoints="0" sequenceCoverage="0.0" branchCoverage="0" maxCyclomaticComplexity="7" minCyclomaticComplexity="7" maxCrapScore="56" minCrapScore="56" visitedClasses="0" numClasses="0" visitedMethods="0" numMethods="1" />
              <MetadataToken>100663333</MetadataToken>
              <Name>static System.ValueTuple[FieldInfo,Object] Utilities.Reflection::GetFieldAndValue(System.Object, System.String)</Name>
              <FileRef uid="3" />
              <SequencePoints>
                <SequencePoint vc="0" uspid="2956" ordinal="0" offset="0" sl="170" sc="0" el="170" ec="0" bec="0" bev="0" fileid="3" />
                <SequencePoint vc="0" uspid="2957" ordinal="0" offset="1" sl="172" sc="0" el="172" ec="0" bec="0" bev="0" fileid="3" />
                <SequencePoint vc="0" uspid="2958" ordinal="0" offset="34" sl="173" sc="0" el="173" ec="0" bec="0" bev="0" fileid="3" />
                <SequencePoint vc="0" uspid="2959" ordinal="0" offset="36" sl="175" sc="0" el="175" ec="0" bec="0" bev="0" fileid="3" />
                <SequencePoint vc="0" uspid="2960" ordinal="0" offset="37" sl="175" sc="0" el="175" ec="0" bec="0" bev="0" fileid="3" />
                <SequencePoint vc="0" uspid="2961" ordinal="0" offset="46" sl="175" sc="0" el="175" ec="0" bec="0" bev="0" fileid="3" />
                <SequencePoint vc="0" uspid="2962" ordinal="0" offset="51" sl="176" sc="0" el="176" ec="0" bec="0" bev="0" fileid="3" />
                <SequencePoint vc="0" uspid="2963" ordinal="0" offset="52" sl="177" sc="0" el="177" ec="0" bec="0" bev="0" fileid="3" />
                <SequencePoint vc="0" uspid="2964" ordinal="0" offset="66" sl="178" sc="0" el="178" ec="0" bec="0" bev="0" fileid="3" />
                <SequencePoint vc="0" uspid="2965" ordinal="0" offset="102" sl="179" sc="0" el="179" ec="0" bec="0" bev="0" fileid="3" />
                <SequencePoint vc="0" uspid="2966" ordinal="0" offset="103" sl="180" sc="0" el="180" ec="0" bec="0" bev="0" fileid="3" />
                <SequencePoint vc="0" uspid="2967" ordinal="0" offset="116" sl="181" sc="0" el="181" ec="0" bec="0" bev="0" fileid="3" />
                <SequencePoint vc="0" uspid="2968" ordinal="0" offset="121" sl="182" sc="0" el="182" ec="0" bec="0" bev="0" fileid="3" />
                <SequencePoint vc="0" uspid="2969" ordinal="0" offset="122" sl="183" sc="0" el="183" ec="0" bec="0" bev="0" fileid="3" />
                <SequencePoint vc="0" uspid="2970" ordinal="0" offset="138" sl="184" sc="0" el="184" ec="0" bec="0" bev="0" fileid="3" />
                <SequencePoint vc="0" uspid="2971" ordinal="0" offset="161" sl="185" sc="0" el="185" ec="0" bec="0" bev="0" fileid="3" />
                <SequencePoint vc="0" uspid="2972" ordinal="0" offset="162" sl="181" sc="0" el="181" ec="0" bec="0" bev="0" fileid="3" />
                <SequencePoint vc="0" uspid="2973" ordinal="0" offset="168" sl="181" sc="0" el="181" ec="0" bec="0" bev="0" fileid="3" />
                <SequencePoint vc="0" uspid="2974" ordinal="0" offset="204" sl="187" sc="0" el="187" ec="0" bec="0" bev="0" fileid="3" />
                <SequencePoint vc="0" uspid="2975" ordinal="0" offset="213" sl="188" sc="0" el="188" ec="0" bec="0" bev="0" fileid="3" />
                <SequencePoint vc="0" uspid="2976" ordinal="0" offset="216" sl="190" sc="0" el="190" ec="0" bec="0" bev="0" fileid="3" />
                <SequencePoint vc="0" uspid="2977" ordinal="0" offset="217" sl="191" sc="0" el="191" ec="0" bec="0" bev="0" fileid="3" />
                <SequencePoint vc="0" uspid="2978" ordinal="0" offset="233" sl="193" sc="0" el="193" ec="0" bec="0" bev="0" fileid="3" />
                <SequencePoint vc="0" uspid="2979" ordinal="0" offset="246" sl="194" sc="0" el="194" ec="0" bec="0" bev="0" fileid="3" />
                <SequencePoint vc="0" uspid="2980" ordinal="0" offset="257" sl="196" sc="0" el="196" ec="0" bec="0" bev="0" fileid="3" />
                <SequencePoint vc="0" uspid="2981" ordinal="0" offset="266" sl="197" sc="0" el="197" ec="0" bec="0" bev="0" fileid="3" />
                <SequencePoint vc="0" uspid="2982" ordinal="0" offset="267" sl="198" sc="0" el="198" ec="0" bec="0" bev="0" fileid="3" />
                <SequencePoint vc="0" uspid="2983" ordinal="0" offset="272" sl="175" sc="0" el="175" ec="0" bec="0" bev="0" fileid="3" />
                <SequencePoint vc="0" uspid="2984" ordinal="0" offset="281" sl="200" sc="0" el="200" ec="0" bec="0" bev="0" fileid="3" />
                <SequencePoint vc="0" uspid="2985" ordinal="0" offset="292" sl="201" sc="0" el="201" ec="0" bec="0" bev="0" fileid="3" />
              </SequencePoints>
              <BranchPoints />
            </Method>
            <Method visited="false" cyclomaticComplexity="1" nPathComplexity="0" sequenceCoverage="0.0" branchCoverage="0" crapScore="2" isConstructor="false" isStatic="true" isGetter="false" isSetter="false">
              <Summary numSequencePoints="3" visitedSequencePoints="0" numBranchPoints="0" visitedBranchPoints="0" sequenceCoverage="0.0" branchCoverage="0" maxCyclomaticComplexity="1" minCyclomaticComplexity="1" maxCrapScore="2" minCrapScore="2" visitedClasses="0" numClasses="0" visitedMethods="0" numMethods="1" />
              <MetadataToken>100663334</MetadataToken>
              <Name>static System.ValueTuple[FieldInfo,Object] Utilities.Reflection::GetFieldAndValue(UnityEditor.SerializedProperty)</Name>
              <FileRef uid="3" />
              <SequencePoints>
                <SequencePoint vc="0" uspid="2986" ordinal="0" offset="0" sl="211" sc="0" el="211" ec="0" bec="0" bev="0" fileid="3" />
                <SequencePoint vc="0" uspid="2987" ordinal="0" offset="1" sl="212" sc="0" el="212" ec="0" bec="0" bev="0" fileid="3" />
                <SequencePoint vc="0" uspid="2988" ordinal="0" offset="26" sl="213" sc="0" el="213" ec="0" bec="0" bev="0" fileid="3" />
              </SequencePoints>
              <BranchPoints />
            </Method>
            <Method visited="false" cyclomaticComplexity="3" nPathComplexity="0" sequenceCoverage="0.0" branchCoverage="0" crapScore="12" isConstructor="false" isStatic="true" isGetter="false" isSetter="false">
              <Summary numSequencePoints="3" visitedSequencePoints="0" numBranchPoints="0" visitedBranchPoints="0" sequenceCoverage="0.0" branchCoverage="0" maxCyclomaticComplexity="3" minCyclomaticComplexity="3" maxCrapScore="12" minCrapScore="12" visitedClasses="0" numClasses="0" visitedMethods="0" numMethods="1" />
              <MetadataToken>100663335</MetadataToken>
              <Name>static System.Reflection.FieldInfo Utilities.Reflection::GetField(UnityEditor.SerializedObject, System.String)</Name>
              <FileRef uid="3" />
              <SequencePoints>
                <SequencePoint vc="0" uspid="2989" ordinal="0" offset="0" sl="222" sc="0" el="222" ec="0" bec="0" bev="0" fileid="3" />
                <SequencePoint vc="0" uspid="2990" ordinal="0" offset="1" sl="223" sc="0" el="223" ec="0" bec="0" bev="0" fileid="3" />
                <SequencePoint vc="0" uspid="2991" ordinal="0" offset="23" sl="224" sc="0" el="224" ec="0" bec="0" bev="0" fileid="3" />
              </SequencePoints>
              <BranchPoints />
            </Method>
            <Method visited="false" cyclomaticComplexity="3" nPathComplexity="0" sequenceCoverage="0.0" branchCoverage="0" crapScore="12" isConstructor="false" isStatic="true" isGetter="false" isSetter="false">
              <Summary numSequencePoints="9" visitedSequencePoints="0" numBranchPoints="0" visitedBranchPoints="0" sequenceCoverage="0.0" branchCoverage="0" maxCyclomaticComplexity="3" minCyclomaticComplexity="3" maxCrapScore="12" minCrapScore="12" visitedClasses="0" numClasses="0" visitedMethods="0" numMethods="1" />
              <MetadataToken>100663336</MetadataToken>
              <Name>static System.Reflection.FieldInfo Utilities.Reflection::GetField(UnityEditor.SerializedProperty)</Name>
              <FileRef uid="3" />
              <SequencePoints>
                <SequencePoint vc="0" uspid="2992" ordinal="0" offset="0" sl="232" sc="0" el="232" ec="0" bec="0" bev="0" fileid="3" />
                <SequencePoint vc="0" uspid="2993" ordinal="0" offset="1" sl="233" sc="0" el="233" ec="0" bec="0" bev="0" fileid="3" />
                <SequencePoint vc="0" uspid="2994" ordinal="0" offset="9" sl="233" sc="0" el="233" ec="0" bec="0" bev="0" fileid="3" />
                <SequencePoint vc="0" uspid="2995" ordinal="0" offset="13" sl="235" sc="0" el="235" ec="0" bec="0" bev="0" fileid="3" />
                <SequencePoint vc="0" uspid="2996" ordinal="0" offset="25" sl="237" sc="0" el="237" ec="0" bec="0" bev="0" fileid="3" />
                <SequencePoint vc="0" uspid="2997" ordinal="0" offset="48" sl="239" sc="0" el="239" ec="0" bec="0" bev="0" fileid="3" />
                <SequencePoint vc="0" uspid="2998" ordinal="0" offset="64" sl="240" sc="0" el="240" ec="0" bec="0" bev="0" fileid="3" />
                <SequencePoint vc="0" uspid="2999" ordinal="0" offset="91" sl="242" sc="0" el="242" ec="0" bec="0" bev="0" fileid="3" />
                <SequencePoint vc="0" uspid="3000" ordinal="0" offset="100" sl="243" sc="0" el="243" ec="0" bec="0" bev="0" fileid="3" />
              </SequencePoints>
              <BranchPoints />
            </Method>
            <Method visited="false" cyclomaticComplexity="7" nPathComplexity="0" sequenceCoverage="0.0" branchCoverage="0" crapScore="56" isConstructor="false" isStatic="true" isGetter="false" isSetter="false">
              <Summary numSequencePoints="11" visitedSequencePoints="0" numBranchPoints="0" visitedBranchPoints="0" sequenceCoverage="0.0" branchCoverage="0" maxCyclomaticComplexity="7" minCyclomaticComplexity="7" maxCrapScore="56" minCrapScore="56" visitedClasses="0" numClasses="0" visitedMethods="0" numMethods="1" />
              <MetadataToken>100663337</MetadataToken>
              <Name>static T Utilities.Reflection::GetValue[T](UnityEditor.SerializedProperty)</Name>
              <FileRef uid="3" />
              <SequencePoints>
                <SequencePoint vc="0" uspid="3001" ordinal="0" offset="0" sl="251" sc="0" el="251" ec="0" bec="0" bev="0" fileid="3" />
                <SequencePoint vc="0" uspid="3002" ordinal="0" offset="1" sl="252" sc="0" el="252" ec="0" bec="0" bev="0" fileid="3" />
                <SequencePoint vc="0" uspid="3003" ordinal="0" offset="9" sl="252" sc="0" el="252" ec="0" bec="0" bev="0" fileid="3" />
                <SequencePoint vc="0" uspid="3004" ordinal="0" offset="24" sl="254" sc="0" el="254" ec="0" bec="0" bev="0" fileid="3" />
                <SequencePoint vc="0" uspid="3005" ordinal="0" offset="36" sl="256" sc="0" el="256" ec="0" bec="0" bev="0" fileid="3" />
                <SequencePoint vc="0" uspid="3006" ordinal="0" offset="59" sl="258" sc="0" el="258" ec="0" bec="0" bev="0" fileid="3" />
                <SequencePoint vc="0" uspid="3007" ordinal="0" offset="77" sl="259" sc="0" el="259" ec="0" bec="0" bev="0" fileid="3" />
                <SequencePoint vc="0" uspid="3008" ordinal="0" offset="104" sl="261" sc="0" el="261" ec="0" bec="0" bev="0" fileid="3" />
                <SequencePoint vc="0" uspid="3009" ordinal="0" offset="273" sl="262" sc="0" el="262" ec="0" bec="0" bev="0" fileid="3" />
                <SequencePoint vc="0" uspid="3010" ordinal="0" offset="285" sl="264" sc="0" el="264" ec="0" bec="0" bev="0" fileid="3" />
                <SequencePoint vc="0" uspid="3011" ordinal="0" offset="360" sl="265" sc="0" el="265" ec="0" bec="0" bev="0" fileid="3" />
              </SequencePoints>
              <BranchPoints />
            </Method>
            <Method visited="false" cyclomaticComplexity="31" nPathComplexity="0" sequenceCoverage="0.0" branchCoverage="0" crapScore="992" isConstructor="false" isStatic="true" isGetter="false" isSetter="false">
              <Summary numSequencePoints="57" visitedSequencePoints="0" numBranchPoints="0" visitedBranchPoints="0" sequenceCoverage="0.0" branchCoverage="0" maxCyclomaticComplexity="31" minCyclomaticComplexity="31" maxCrapScore="992" minCrapScore="992" visitedClasses="0" numClasses="0" visitedMethods="0" numMethods="1" />
              <MetadataToken>100663338</MetadataToken>
              <Name>static System.Void Utilities.Reflection::SetValue[T](UnityEditor.SerializedProperty, T)</Name>
              <FileRef uid="3" />
              <SequencePoints>
                <SequencePoint vc="0" uspid="3012" ordinal="0" offset="0" sl="274" sc="0" el="274" ec="0" bec="0" bev="0" fileid="3" />
                <SequencePoint vc="0" uspid="3013" ordinal="0" offset="1" sl="275" sc="0" el="275" ec="0" bec="0" bev="0" fileid="3" />
                <SequencePoint vc="0" uspid="3014" ordinal="0" offset="20" sl="275" sc="0" el="275" ec="0" bec="0" bev="0" fileid="3" />
                <SequencePoint vc="0" uspid="3015" ordinal="0" offset="25" sl="277" sc="0" el="277" ec="0" bec="0" bev="0" fileid="3" />
                <SequencePoint vc="0" uspid="3016" ordinal="0" offset="37" sl="279" sc="0" el="279" ec="0" bec="0" bev="0" fileid="3" />
                <SequencePoint vc="0" uspid="3017" ordinal="0" offset="60" sl="281" sc="0" el="281" ec="0" bec="0" bev="0" fileid="3" />
                <SequencePoint vc="0" uspid="3018" ordinal="0" offset="76" sl="282" sc="0" el="282" ec="0" bec="0" bev="0" fileid="3" />
                <SequencePoint vc="0" uspid="3019" ordinal="0" offset="103" sl="284" sc="0" el="284" ec="0" bec="0" bev="0" fileid="3" />
                <SequencePoint vc="0" uspid="3020" ordinal="0" offset="136" sl="285" sc="0" el="285" ec="0" bec="0" bev="0" fileid="3" />
                <SequencePoint vc="0" uspid="3021" ordinal="0" offset="173" sl="288" sc="0" el="288" ec="0" bec="0" bev="0" fileid="3" />
                <SequencePoint vc="0" uspid="3022" ordinal="0" offset="297" sl="291" sc="0" el="291" ec="0" bec="0" bev="0" fileid="3" />
                <SequencePoint vc="0" uspid="3023" ordinal="0" offset="315" sl="292" sc="0" el="292" ec="0" bec="0" bev="0" fileid="3" />
                <SequencePoint vc="0" uspid="3024" ordinal="0" offset="320" sl="294" sc="0" el="294" ec="0" bec="0" bev="0" fileid="3" />
                <SequencePoint vc="0" uspid="3025" ordinal="0" offset="338" sl="295" sc="0" el="295" ec="0" bec="0" bev="0" fileid="3" />
                <SequencePoint vc="0" uspid="3026" ordinal="0" offset="343" sl="297" sc="0" el="297" ec="0" bec="0" bev="0" fileid="3" />
                <SequencePoint vc="0" uspid="3027" ordinal="0" offset="361" sl="298" sc="0" el="298" ec="0" bec="0" bev="0" fileid="3" />
                <SequencePoint vc="0" uspid="3028" ordinal="0" offset="366" sl="300" sc="0" el="300" ec="0" bec="0" bev="0" fileid="3" />
                <SequencePoint vc="0" uspid="3029" ordinal="0" offset="384" sl="301" sc="0" el="301" ec="0" bec="0" bev="0" fileid="3" />
                <SequencePoint vc="0" uspid="3030" ordinal="0" offset="389" sl="303" sc="0" el="303" ec="0" bec="0" bev="0" fileid="3" />
                <SequencePoint vc="0" uspid="3031" ordinal="0" offset="407" sl="304" sc="0" el="304" ec="0" bec="0" bev="0" fileid="3" />
                <SequencePoint vc="0" uspid="3032" ordinal="0" offset="412" sl="306" sc="0" el="306" ec="0" bec="0" bev="0" fileid="3" />
                <SequencePoint vc="0" uspid="3033" ordinal="0" offset="423" sl="308" sc="0" el="308" ec="0" bec="0" bev="0" fileid="3" />
                <SequencePoint vc="0" uspid="3034" ordinal="0" offset="441" sl="309" sc="0" el="309" ec="0" bec="0" bev="0" fileid="3" />
                <SequencePoint vc="0" uspid="3035" ordinal="0" offset="446" sl="311" sc="0" el="311" ec="0" bec="0" bev="0" fileid="3" />
                <SequencePoint vc="0" uspid="3036" ordinal="0" offset="457" sl="313" sc="0" el="313" ec="0" bec="0" bev="0" fileid="3" />
                <SequencePoint vc="0" uspid="3037" ordinal="0" offset="475" sl="314" sc="0" el="314" ec="0" bec="0" bev="0" fileid="3" />
                <SequencePoint vc="0" uspid="3038" ordinal="0" offset="480" sl="316" sc="0" el="316" ec="0" bec="0" bev="0" fileid="3" />
                <SequencePoint vc="0" uspid="3039" ordinal="0" offset="498" sl="317" sc="0" el="317" ec="0" bec="0" bev="0" fileid="3" />
                <SequencePoint vc="0" uspid="3040" ordinal="0" offset="503" sl="319" sc="0" el="319" ec="0" bec="0" bev="0" fileid="3" />
                <SequencePoint vc="0" uspid="3041" ordinal="0" offset="514" sl="321" sc="0" el="321" ec="0" bec="0" bev="0" fileid="3" />
                <SequencePoint vc="0" uspid="3042" ordinal="0" offset="532" sl="322" sc="0" el="322" ec="0" bec="0" bev="0" fileid="3" />
                <SequencePoint vc="0" uspid="3043" ordinal="0" offset="537" sl="324" sc="0" el="324" ec="0" bec="0" bev="0" fileid="3" />
                <SequencePoint vc="0" uspid="3044" ordinal="0" offset="590" sl="325" sc="0" el="325" ec="0" bec="0" bev="0" fileid="3" />
                <SequencePoint vc="0" uspid="3045" ordinal="0" offset="595" sl="327" sc="0" el="327" ec="0" bec="0" bev="0" fileid="3" />
                <SequencePoint vc="0" uspid="3046" ordinal="0" offset="608" sl="328" sc="0" el="328" ec="0" bec="0" bev="0" fileid="3" />
                <SequencePoint vc="0" uspid="3047" ordinal="0" offset="613" sl="330" sc="0" el="330" ec="0" bec="0" bev="0" fileid="3" />
                <SequencePoint vc="0" uspid="3048" ordinal="0" offset="631" sl="331" sc="0" el="331" ec="0" bec="0" bev="0" fileid="3" />
                <SequencePoint vc="0" uspid="3049" ordinal="0" offset="636" sl="333" sc="0" el="333" ec="0" bec="0" bev="0" fileid="3" />
                <SequencePoint vc="0" uspid="3050" ordinal="0" offset="654" sl="334" sc="0" el="334" ec="0" bec="0" bev="0" fileid="3" />
                <SequencePoint vc="0" uspid="3051" ordinal="0" offset="659" sl="336" sc="0" el="336" ec="0" bec="0" bev="0" fileid="3" />
                <SequencePoint vc="0" uspid="3052" ordinal="0" offset="677" sl="337" sc="0" el="337" ec="0" bec="0" bev="0" fileid="3" />
                <SequencePoint vc="0" uspid="3053" ordinal="0" offset="682" sl="339" sc="0" el="339" ec="0" bec="0" bev="0" fileid="3" />
                <SequencePoint vc="0" uspid="3054" ordinal="0" offset="700" sl="340" sc="0" el="340" ec="0" bec="0" bev="0" fileid="3" />
                <SequencePoint vc="0" uspid="3055" ordinal="0" offset="702" sl="342" sc="0" el="342" ec="0" bec="0" bev="0" fileid="3" />
                <SequencePoint vc="0" uspid="3056" ordinal="0" offset="720" sl="343" sc="0" el="343" ec="0" bec="0" bev="0" fileid="3" />
                <SequencePoint vc="0" uspid="3057" ordinal="0" offset="722" sl="345" sc="0" el="345" ec="0" bec="0" bev="0" fileid="3" />
                <SequencePoint vc="0" uspid="3058" ordinal="0" offset="740" sl="346" sc="0" el="346" ec="0" bec="0" bev="0" fileid="3" />
                <SequencePoint vc="0" uspid="3059" ordinal="0" offset="742" sl="348" sc="0" el="348" ec="0" bec="0" bev="0" fileid="3" />
                <SequencePoint vc="0" uspid="3060" ordinal="0" offset="760" sl="349" sc="0" el="349" ec="0" bec="0" bev="0" fileid="3" />
                <SequencePoint vc="0" uspid="3061" ordinal="0" offset="762" sl="351" sc="0" el="351" ec="0" bec="0" bev="0" fileid="3" />
                <SequencePoint vc="0" uspid="3062" ordinal="0" offset="780" sl="352" sc="0" el="352" ec="0" bec="0" bev="0" fileid="3" />
                <SequencePoint vc="0" uspid="3063" ordinal="0" offset="782" sl="354" sc="0" el="354" ec="0" bec="0" bev="0" fileid="3" />
                <SequencePoint vc="0" uspid="3064" ordinal="0" offset="800" sl="355" sc="0" el="355" ec="0" bec="0" bev="0" fileid="3" />
                <SequencePoint vc="0" uspid="3065" ordinal="0" offset="802" sl="357" sc="0" el="357" ec="0" bec="0" bev="0" fileid="3" />
                <SequencePoint vc="0" uspid="3066" ordinal="0" offset="820" sl="358" sc="0" el="358" ec="0" bec="0" bev="0" fileid="3" />
                <SequencePoint vc="0" uspid="3067" ordinal="0" offset="822" sl="361" sc="0" el="361" ec="0" bec="0" bev="0" fileid="3" />
                <SequencePoint vc="0" uspid="3068" ordinal="0" offset="834" sl="363" sc="0" el="363" ec="0" bec="0" bev="0" fileid="3" />
              </SequencePoints>
              <BranchPoints />
            </Method>
            <Method visited="false" cyclomaticComplexity="1" nPathComplexity="0" sequenceCoverage="0.0" branchCoverage="0" crapScore="2" isConstructor="false" isStatic="true" isGetter="false" isSetter="false">
              <Summary numSequencePoints="3" visitedSequencePoints="0" numBranchPoints="0" visitedBranchPoints="0" sequenceCoverage="0.0" branchCoverage="0" maxCyclomaticComplexity="1" minCyclomaticComplexity="1" maxCrapScore="2" minCrapScore="2" visitedClasses="0" numClasses="0" visitedMethods="0" numMethods="1" />
              <MetadataToken>100663339</MetadataToken>
              <Name>static T[] Utilities.Reflection::GetAttributes[T](UnityEditor.SerializedProperty)</Name>
              <FileRef uid="3" />
              <SequencePoints>
                <SequencePoint vc="0" uspid="3069" ordinal="0" offset="0" sl="372" sc="0" el="372" ec="0" bec="0" bev="0" fileid="3" />
                <SequencePoint vc="0" uspid="3070" ordinal="0" offset="1" sl="373" sc="0" el="373" ec="0" bec="0" bev="0" fileid="3" />
                <SequencePoint vc="0" uspid="3071" ordinal="0" offset="36" sl="374" sc="0" el="374" ec="0" bec="0" bev="0" fileid="3" />
              </SequencePoints>
              <BranchPoints />
            </Method>
            <Method visited="false" cyclomaticComplexity="2" nPathComplexity="0" sequenceCoverage="0.0" branchCoverage="0" crapScore="6" isConstructor="false" isStatic="true" isGetter="false" isSetter="false">
              <Summary numSequencePoints="10" visitedSequencePoints="0" numBranchPoints="0" visitedBranchPoints="0" sequenceCoverage="0.0" branchCoverage="0" maxCyclomaticComplexity="2" minCyclomaticComplexity="2" maxCrapScore="6" minCrapScore="6" visitedClasses="0" numClasses="0" visitedMethods="0" numMethods="1" />
              <MetadataToken>100663340</MetadataToken>
              <Name>static System.Void Utilities.Reflection::PrintAll(UnityEditor.SerializedObject, System.Boolean)</Name>
              <FileRef uid="3" />
              <SequencePoints>
                <SequencePoint vc="0" uspid="3072" ordinal="0" offset="0" sl="378" sc="0" el="378" ec="0" bec="0" bev="0" fileid="3" />
                <SequencePoint vc="0" uspid="3073" ordinal="0" offset="1" sl="379" sc="0" el="379" ec="0" bec="0" bev="0" fileid="3" />
                <SequencePoint vc="0" uspid="3074" ordinal="0" offset="8" sl="380" sc="0" el="380" ec="0" bec="0" bev="0" fileid="3" />
                <SequencePoint vc="0" uspid="3075" ordinal="0" offset="15" sl="382" sc="0" el="382" ec="0" bec="0" bev="0" fileid="3" />
                <SequencePoint vc="0" uspid="3076" ordinal="0" offset="23" sl="385" sc="0" el="385" ec="0" bec="0" bev="0" fileid="3" />
                <SequencePoint vc="0" uspid="3077" ordinal="0" offset="24" sl="386" sc="0" el="386" ec="0" bec="0" bev="0" fileid="3" />
                <SequencePoint vc="0" uspid="3078" ordinal="0" offset="42" sl="387" sc="0" el="387" ec="0" bec="0" bev="0" fileid="3" />
                <SequencePoint vc="0" uspid="3079" ordinal="0" offset="43" sl="384" sc="0" el="384" ec="0" bec="0" bev="0" fileid="3" />
                <SequencePoint vc="0" uspid="3080" ordinal="0" offset="54" sl="388" sc="0" el="388" ec="0" bec="0" bev="0" fileid="3" />
                <SequencePoint vc="0" uspid="3081" ordinal="0" offset="61" sl="389" sc="0" el="389" ec="0" bec="0" bev="0" fileid="3" />
              </SequencePoints>
              <BranchPoints />
            </Method>
            <Method visited="false" cyclomaticComplexity="1" nPathComplexity="0" sequenceCoverage="0.0" branchCoverage="0" crapScore="2" isConstructor="false" isStatic="true" isGetter="false" isSetter="false">
              <Summary numSequencePoints="3" visitedSequencePoints="0" numBranchPoints="0" visitedBranchPoints="0" sequenceCoverage="0.0" branchCoverage="0" maxCyclomaticComplexity="1" minCyclomaticComplexity="1" maxCrapScore="2" minCrapScore="2" visitedClasses="0" numClasses="0" visitedMethods="0" numMethods="1" />
              <MetadataToken>100663341</MetadataToken>
              <Name>static System.Reflection.FieldInfo[] Utilities.Reflection::GetAllFields(System.Type)</Name>
              <FileRef uid="3" />
              <SequencePoints>
                <SequencePoint vc="0" uspid="3082" ordinal="0" offset="0" sl="403" sc="0" el="403" ec="0" bec="0" bev="0" fileid="3" />
                <SequencePoint vc="0" uspid="3083" ordinal="0" offset="1" sl="404" sc="0" el="404" ec="0" bec="0" bev="0" fileid="3" />
                <SequencePoint vc="0" uspid="3084" ordinal="0" offset="12" sl="405" sc="0" el="405" ec="0" bec="0" bev="0" fileid="3" />
              </SequencePoints>
              <BranchPoints />
            </Method>
            <Method visited="false" cyclomaticComplexity="1" nPathComplexity="0" sequenceCoverage="0.0" branchCoverage="0" crapScore="2" isConstructor="false" isStatic="true" isGetter="false" isSetter="false">
              <Summary numSequencePoints="3" visitedSequencePoints="0" numBranchPoints="0" visitedBranchPoints="0" sequenceCoverage="0.0" branchCoverage="0" maxCyclomaticComplexity="1" minCyclomaticComplexity="1" maxCrapScore="2" minCrapScore="2" visitedClasses="0" numClasses="0" visitedMethods="0" numMethods="1" />
[...]
            </Method>
            <Method visited="false" cyclomaticComplexity="2" nPathComplexity="0" sequenceCoverage="0.0" branchCoverage="0" crapScore="6" isConstructor="false" isStatic="false" isGetter="false" isSetter="false">
              <Summary numSequencePoints="6" visitedSequencePoints="0" numBranchPoints="0" visitedBranchPoints="0" sequenceCoverage="0.0" branchCoverage="0" maxCyclomaticComplexity="2" minCyclomaticComplexity="2" maxCrapScore="6" minCrapScore="6" visitedClasses="0" numClasses="0" visitedMethods="0" numMethods="1" />
              <MetadataToken>100663552</MetadataToken>
              <Name>System.Boolean Scripts.BodySystem.BodyRenderOptions/LayersPerSide::TryGetRenderTransform(Utilities.SerializableGUID, Scripts.BodySystem.BodyRenderOptions/RenderTrasform&amp;)</Name>
              <FileRef uid="27" />
              <SequencePoints>
                <SequencePoint vc="0" uspid="4120" ordinal="0" offset="0" sl="46" sc="0" el="46" ec="0" bec="0" bev="0" fileid="27" />
                <SequencePoint vc="0" uspid="4121" ordinal="0" offset="1" sl="47" sc="0" el="47" ec="0" bec="0" bev="0" fileid="27" />
                <SequencePoint vc="0" uspid="4122" ordinal="0" offset="4" sl="49" sc="0" el="49" ec="0" bec="0" bev="0" fileid="27" />
                <SequencePoint vc="0" uspid="4123" ordinal="0" offset="20" sl="50" sc="0" el="50" ec="0" bec="0" bev="0" fileid="27" />
                <SequencePoint vc="0" uspid="4124" ordinal="0" offset="34" sl="52" sc="0" el="52" ec="0" bec="0" bev="0" fileid="27" />
                <SequencePoint vc="0" uspid="4125" ordinal="0" offset="42" sl="53" sc="0" el="53" ec="0" bec="0" bev="0" fileid="27" />
              </SequencePoints>
              <BranchPoints />
            </Method>
            <Method visited="false" cyclomaticComplexity="2" nPathComplexity="0" sequenceCoverage="0.0" branchCoverage="0" crapScore="6" isConstructor="false" isStatic="false" isGetter="false" isSetter="false">
              <Summary numSequencePoints="7" visitedSequencePoints="0" numBranchPoints="0" visitedBranchPoints="0" sequenceCoverage="0.0" branchCoverage="0" maxCyclomaticComplexity="2" minCyclomaticComplexity="2" maxCrapScore="6" minCrapScore="6" visitedClasses="0" numClasses="0" visitedMethods="0" numMethods="1" />
              <MetadataToken>100663553</MetadataToken>
              <Name>Scripts.BodySystem.BodyRenderOptions/RenderTrasform Scripts.BodySystem.BodyRenderOptions/LayersPerSide::CreateOrGetRenderTransform(Utilities.SerializableGUID)</Name>
              <FileRef uid="27" />
              <SequencePoints>
                <SequencePoint vc="0" uspid="4126" ordinal="0" offset="0" sl="56" sc="0" el="56" ec="0" bec="0" bev="0" fileid="27" />
                <SequencePoint vc="0" uspid="4127" ordinal="0" offset="1" sl="57" sc="0" el="57" ec="0" bec="0" bev="0" fileid="27" />
                <SequencePoint vc="0" uspid="4128" ordinal="0" offset="14" sl="58" sc="0" el="58" ec="0" bec="0" bev="0" fileid="27" />
                <SequencePoint vc="0" uspid="4129" ordinal="0" offset="18" sl="60" sc="0" el="60" ec="0" bec="0" bev="0" fileid="27" />
                <SequencePoint vc="0" uspid="4130" ordinal="0" offset="24" sl="61" sc="0" el="61" ec="0" bec="0" bev="0" fileid="27" />
                <SequencePoint vc="0" uspid="4131" ordinal="0" offset="38" sl="62" sc="0" el="62" ec="0" bec="0" bev="0" fileid="27" />
                <SequencePoint vc="0" uspid="4132" ordinal="0" offset="42" sl="63" sc="0" el="63" ec="0" bec="0" bev="0" fileid="27" />
              </SequencePoints>
              <BranchPoints />
            </Method>
            <Method visited="false" cyclomaticComplexity="2" nPathComplexity="0" sequenceCoverage="0.0" branchCoverage="0" crapScore="6" isConstructor="false" isStatic="false" isGetter="false" isSetter="false">
              <Summary numSequencePoints="5" visitedSequencePoints="0" numBranchPoints="0" visitedBranchPoints="0" sequenceCoverage="0.0" branchCoverage="0" maxCyclomaticComplexity="2" minCyclomaticComplexity="2" maxCrapScore="6" minCrapScore="6" visitedClasses="0" numClasses="0" visitedMethods="0" numMethods="1" />
              <MetadataToken>100663554</MetadataToken>
              <Name>System.Void Scripts.BodySystem.BodyRenderOptions/LayersPerSide::SetRenderTransform(Utilities.SerializableGUID, Scripts.BodySystem.BodyRenderOptions/RenderTrasform)</Name>
              <FileRef uid="27" />
              <SequencePoints>
                <SequencePoint vc="0" uspid="4133" ordinal="0" offset="0" sl="66" sc="0" el="66" ec="0" bec="0" bev="0" fileid="27" />
                <SequencePoint vc="0" uspid="4134" ordinal="0" offset="1" sl="67" sc="0" el="67" ec="0" bec="0" bev="0" fileid="27" />
                <SequencePoint vc="0" uspid="4135" ordinal="0" offset="17" sl="68" sc="0" el="68" ec="0" bec="0" bev="0" fileid="27" />
                <SequencePoint vc="0" uspid="4136" ordinal="0" offset="33" sl="70" sc="0" el="70" ec="0" bec="0" bev="0" fileid="27" />
                <SequencePoint vc="0" uspid="4137" ordinal="0" offset="47" sl="71" sc="0" el="71" ec="0" bec="0" bev="0" fileid="27" />
              </SequencePoints>
              <BranchPoints />
            </Method>
            <Method visited="false" cyclomaticComplexity="1" nPathComplexity="0" sequenceCoverage="0.0" branchCoverage="0" crapScore="2" isConstructor="true" isStatic="false" isGetter="false" isSetter="false">
              <Summary numSequencePoints="2" visitedSequencePoints="0" numBranchPoints="0" visitedBranchPoints="0" sequenceCoverage="0.0" branchCoverage="0" maxCyclomaticComplexity="1" minCyclomaticComplexity="1" maxCrapScore="2" minCrapScore="2" visitedClasses="0" numClasses="0" visitedMethods="0" numMethods="1" />
              <MetadataToken>100663555</MetadataToken>
              <Name>Scripts.BodySystem.BodyRenderOptions/LayersPerSide::LayersPerSide()</Name>
              <FileRef uid="27" />
              <SequencePoints>
                <SequencePoint vc="0" uspid="4138" ordinal="0" offset="0" sl="18" sc="30" el="18" ec="30" bec="0" bev="0" fileid="27" />
                <SequencePoint vc="0" uspid="4139" ordinal="0" offset="11" sl="22" sc="30" el="22" ec="30" bec="0" bev="0" fileid="27" />
              </SequencePoints>
              <BranchPoints />
            </Method>
          </Methods>
        </Class>
        <Class>
          <Summary numSequencePoints="6" visitedSequencePoints="0" numBranchPoints="0" visitedBranchPoints="0" sequenceCoverage="0.0" branchCoverage="0.0" maxCyclomaticComplexity="1" minCyclomaticComplexity="1" maxCrapScore="2" minCrapScore="2" visitedClasses="0" numClasses="1" visitedMethods="0" numMethods="6" />
          <FullName>Scripts.BodySystem.BodyRenderOptions/RenderTrasform</FullName>
          <Methods>
            <Method visited="false" cyclomaticComplexity="1" nPathComplexity="0" sequenceCoverage="0.0" branchCoverage="0" crapScore="2" isConstructor="false" isStatic="false" isGetter="true" isSetter="false">
              <Summary numSequencePoints="1" visitedSequencePoints="0" numBranchPoints="0" visitedBranchPoints="0" sequenceCoverage="0.0" branchCoverage="0" maxCyclomaticComplexity="1" minCyclomaticComplexity="1" maxCrapScore="2" minCrapScore="2" visitedClasses="0" numClasses="0" visitedMethods="0" numMethods="1" />
              <MetadataToken>100663556</MetadataToken>
              <Name>UnityEngine.Vector3 Scripts.BodySystem.BodyRenderOptions/RenderTrasform::get_Position()</Name>
              <FileRef uid="27" />
              <SequencePoints>
                <SequencePoint vc="0" uspid="4140" ordinal="0" offset="0" sl="81" sc="0" el="81" ec="0" bec="0" bev="0" fileid="27" />
              </SequencePoints>
              <BranchPoints />
            </Method>
            <Method visited="false" cyclomaticComplexity="1" nPathComplexity="0" sequenceCoverage="0.0" branchCoverage="0" crapScore="2" isConstructor="false" isStatic="false" isGetter="false" isSetter="true">
              <Summary numSequencePoints="1" visitedSequencePoints="0" numBranchPoints="0" visitedBranchPoints="0" sequenceCoverage="0.0" branchCoverage="0" maxCyclomaticComplexity="1" minCyclomaticComplexity="1" maxCrapScore="2" minCrapScore="2" visitedClasses="0" numClasses="0" visitedMethods="0" numMethods="1" />
              <MetadataToken>100663557</MetadataToken>
              <Name>System.Void Scripts.BodySystem.BodyRenderOptions/RenderTrasform::set_Position(UnityEngine.Vector3)</Name>
              <FileRef uid="27" />
              <SequencePoints>
                <SequencePoint vc="0" uspid="4141" ordinal="0" offset="0" sl="81" sc="0" el="81" ec="0" bec="0" bev="0" fileid="27" />
              </SequencePoints>
              <BranchPoints />
            </Method>
            <Method visited="false" cyclomaticComplexity="1" nPathComplexity="0" sequenceCoverage="0.0" branchCoverage="0" crapScore="2" isConstructor="false" isStatic="false" isGetter="true" isSetter="false">
              <Summary numSequencePoints="1" visitedSequencePoints="0" numBranchPoints="0" visitedBranchPoints="0" sequenceCoverage="0.0" branchCoverage="0" maxCyclomaticComplexity="1" minCyclomaticComplexity="1" maxCrapScore="2" minCrapScore="2" visitedClasses="0" numClasses="0" visitedMethods="0" numMethods="1" />
              <MetadataToken>100663558</MetadataToken>
              <Name>UnityEngine.Vector3 Scripts.BodySystem.BodyRenderOptions/RenderTrasform::get_Rotation()</Name>
              <FileRef uid="27" />
              <SequencePoints>
                <SequencePoint vc="0" uspid="4142" ordinal="0" offset="0" sl="82" sc="0" el="82" ec="0" bec="0" bev="0" fileid="27" />
              </SequencePoints>
              <BranchPoints />
            </Method>
            <Method visited="false" cyclomaticComplexity="1" nPathComplexity="0" sequenceCoverage="0.0" branchCoverage="0" crapScore="2" isConstructor="false" isStatic="false" isGetter="false" isSetter="true">
              <Summary numSequencePoints="1" visitedSequencePoints="0" numBranchPoints="0" visitedBranchPoints="0" sequenceCoverage="0.0" branchCoverage="0" maxCyclomaticComplexity="1" minCyclomaticComplexity="1" maxCrapScore="2" minCrapScore="2" visitedClasses="0" numClasses="0" visitedMethods="0" numMethods="1" />
              <MetadataToken>100663559</MetadataToken>
              <Name>System.Void Scripts.BodySystem.BodyRenderOptions/RenderTrasform::set_Rotation(UnityEngine.Vector3)</Name>
              <FileRef uid="27" />
              <SequencePoints>
                <SequencePoint vc="0" uspid="4143" ordinal="0" offset="0" sl="82" sc="0" el="82" ec="0" bec="0" bev="0" fileid="27" />
              </SequencePoints>
              <BranchPoints />
            </Method>
            <Method visited="false" cyclomaticComplexity="1" nPathComplexity="0" sequenceCoverage="0.0" branchCoverage="0" crapScore="2" isConstructor="false" isStatic="false" isGetter="true" isSetter="false">
              <Summary numSequencePoints="1" visitedSequencePoints="0" numBranchPoints="0" visitedBranchPoints="0" sequenceCoverage="0.0" branchCoverage="0" maxCyclomaticComplexity="1" minCyclomaticComplexity="1" maxCrapScore="2" minCrapScore="2" visitedClasses="0" numClasses="0" visitedMethods="0" numMethods="1" />
              <MetadataToken>100663560</MetadataToken>
              <Name>UnityEngine.Vector3 Scripts.BodySystem.BodyRenderOptions/RenderTrasform::get_Scale()</Name>
              <FileRef uid="27" />
              <SequencePoints>
                <SequencePoint vc="0" uspid="4144" ordinal="0" offset="0" sl="83" sc="0" el="83" ec="0" bec="0" bev="0" fileid="27" />
              </SequencePoints>
              <BranchPoints />
            </Method>
            <Method visited="false" cyclomaticComplexity="1" nPathComplexity="0" sequenceCoverage="0.0" branchCoverage="0" crapScore="2" isConstructor="false" isStatic="false" isGetter="false" isSetter="true">
              <Summary numSequencePoints="1" visitedSequencePoints="0" numBranchPoints="0" visitedBranchPoints="0" sequenceCoverage="0.0" branchCoverage="0" maxCyclomaticComplexity="1" minCyclomaticComplexity="1" maxCrapScore="2" minCrapScore="2" visitedClasses="0" numClasses="0" visitedMethods="0" numMethods="1" />
              <MetadataToken>100663561</MetadataToken>
              <Name>System.Void Scripts.BodySystem.BodyRenderOptions/RenderTrasform::set_Scale(UnityEngine.Vector3)</Name>
              <FileRef uid="27" />
              <SequencePoints>
                <SequencePoint vc="0" uspid="4145" ordinal="0" offset="0" sl="83" sc="0" el="83" ec="0" bec="0" bev="0" fileid="27" />
              </SequencePoints>
              <BranchPoints />
            </Method>
          </Methods>
        </Class>
        <Class>
          <Summary numSequencePoints="16" visitedSequencePoints="0" numBranchPoints="0" visitedBranchPoints="0" sequenceCoverage="0.0" branchCoverage="0.0" maxCyclomaticComplexity="4" minCyclomaticComplexity="1" maxCrapScore="20" minCrapScore="2" visitedClasses="0" numClasses="1" visitedMethods="0" numMethods="3" />
          <FullName>Scripts.BodySystem.BodyRenderOptions/RenderOptionsPerLayer</FullName>
          <Methods>
            <Method visited="false" cyclomaticComplexity="2" nPathComplexity="0" sequenceCoverage="0.0" branchCoverage="0" crapScore="6" isConstructor="false" isStatic="false" isGetter="false" isSetter="false">
              <Summary numSequencePoints="5" visitedSequencePoints="0" numBranchPoints="0" visitedBranchPoints="0" sequenceCoverage="0.0" branchCoverage="0" maxCyclomaticComplexity="2" minCyclomaticComplexity="2" maxCrapScore="6" minCrapScore="6" visitedClasses="0" numClasses="0" visitedMethods="0" numMethods="1" />
              <MetadataToken>100663563</MetadataToken>
              <Name>System.Int32 Scripts.BodySystem.BodyRenderOptions/RenderOptionsPerLayer::GetSortOrder(Utilities.SerializableGUID)</Name>
              <FileRef uid="27" />
              <SequencePoints>
                <SequencePoint vc="0" uspid="4146" ordinal="0" offset="0" sl="95" sc="0" el="95" ec="0" bec="0" bev="0" fileid="27" />
                <SequencePoint vc="0" uspid="4147" ordinal="0" offset="1" sl="96" sc="0" el="96" ec="0" bec="0" bev="0" fileid="27" />
                <SequencePoint vc="0" uspid="4148" ordinal="0" offset="17" sl="97" sc="0" el="97" ec="0" bec="0" bev="0" fileid="27" />
                <SequencePoint vc="0" uspid="4149" ordinal="0" offset="32" sl="99" sc="0" el="99" ec="0" bec="0" bev="0" fileid="27" />
                <SequencePoint vc="0" uspid="4150" ordinal="0" offset="36" sl="100" sc="0" el="100" ec="0" bec="0" bev="0" fileid="27" />
              </SequencePoints>
              <BranchPoints />
            </Method>
            <Method visited="false" cyclomaticComplexity="4" nPathComplexity="0" sequenceCoverage="0.0" branchCoverage="0" crapScore="20" isConstructor="false" isStatic="false" isGetter="false" isSetter="false">
              <Summary numSequencePoints="10" visitedSequencePoints="0" numBranchPoints="0" visitedBranchPoints="0" sequenceCoverage="0.0" branchCoverage="0" maxCyclomaticComplexity="4" minCyclomaticComplexity="4" maxCrapScore="20" minCrapScore="20" visitedClasses="0" numClasses="0" visitedMethods="0" numMethods="1" />
              <MetadataToken>100663564</MetadataToken>
              <Name>System.Void Scripts.BodySystem.BodyRenderOptions/RenderOptionsPerLayer::SetSortOrder(Utilities.SerializableGUID, System.Int32)</Name>
              <FileRef uid="27" />
              <SequencePoints>
                <SequencePoint vc="0" uspid="4151" ordinal="0" offset="0" sl="103" sc="0" el="103" ec="0" bec="0" bev="0" fileid="27" />
                <SequencePoint vc="0" uspid="4152" ordinal="0" offset="1" sl="104" sc="0" el="104" ec="0" bec="0" bev="0" fileid="27" />
                <SequencePoint vc="0" uspid="4153" ordinal="0" offset="17" sl="105" sc="0" el="105" ec="0" bec="0" bev="0" fileid="27" />
                <SequencePoint vc="0" uspid="4154" ordinal="0" offset="18" sl="106" sc="0" el="106" ec="0" bec="0" bev="0" fileid="27" />
                <SequencePoint vc="0" uspid="4155" ordinal="0" offset="26" sl="107" sc="0" el="107" ec="0" bec="0" bev="0" fileid="27" />
                <SequencePoint vc="0" uspid="4156" ordinal="0" offset="41" sl="109" sc="0" el="109" ec="0" bec="0" bev="0" fileid="27" />
                <SequencePoint vc="0" uspid="4157" ordinal="0" offset="55" sl="110" sc="0" el="110" ec="0" bec="0" bev="0" fileid="27" />
                <SequencePoint vc="0" uspid="4158" ordinal="0" offset="58" sl="111" sc="0" el="111" ec="0" bec="0" bev="0" fileid="27" />
                <SequencePoint vc="0" uspid="4159" ordinal="0" offset="69" sl="112" sc="0" el="112" ec="0" bec="0" bev="0" fileid="27" />
                <SequencePoint vc="0" uspid="4160" ordinal="0" offset="83" sl="113" sc="0" el="113" ec="0" bec="0" bev="0" fileid="27" />
              </SequencePoints>
              <BranchPoints />
            </Method>
            <Method visited="false" cyclomaticComplexity="1" nPathComplexity="0" sequenceCoverage="0.0" branchCoverage="0" crapScore="2" isConstructor="true" isStatic="false" isGetter="false" isSetter="false">
              <Summary numSequencePoints="1" visitedSequencePoints="0" numBranchPoints="0" visitedBranchPoints="0" sequenceCoverage="0.0" branchCoverage="0" maxCyclomaticComplexity="1" minCyclomaticComplexity="1" maxCrapScore="2" minCrapScore="2" visitedClasses="0" numClasses="0" visitedMethods="0" numMethods="1" />
              <MetadataToken>100663565</MetadataToken>
              <Name>Scripts.BodySystem.BodyRenderOptions/RenderOptionsPerLayer::RenderOptionsPerLayer()</Name>
              <FileRef uid="27" />
              <SequencePoints>
                <SequencePoint vc="0" uspid="4161" ordinal="0" offset="0" sl="92" sc="30" el="92" ec="30" bec="0" bev="0" fileid="27" />
              </SequencePoints>
              <BranchPoints />
            </Method>
          </Methods>
        </Class>
        <Class>
          <Summary numSequencePoints="3" visitedSequencePoints="0" numBranchPoints="0" visitedBranchPoints="0" sequenceCoverage="0.0" branchCoverage="0.0" maxCyclomaticComplexity="1" minCyclomaticComplexity="1" maxCrapScore="2" minCrapScore="2" visitedClasses="0" numClasses="1" visitedMethods="0" numMethods="1" />
          <FullName>Scripts.BodySystem.BodyRenderOptions/&lt;&gt;c</FullName>
          <Methods>
            <Method visited="false" cyclomaticComplexity="1" nPathComplexity="0" sequenceCoverage="0.0" branchCoverage="0" crapScore="2" isConstructor="false" isStatic="false" isGetter="false" isSetter="false">
              <Summary numSequencePoints="3" visitedSequencePoints="0" numBranchPoints="0" visitedBranchPoints="0" sequenceCoverage="0.0" branchCoverage="0" maxCyclomaticComplexity="1" minCyclomaticComplexity="1" maxCrapScore="2" minCrapScore="2" visitedClasses="0" numClasses="0" visitedMethods="0" numMethods="1" />
              <MetadataToken>100663568</MetadataToken>
              <Name>System.ValueTuple[SerializableGUID,Int32] Scripts.BodySystem.BodyRenderOptions/&lt;&gt;c::&lt;GetSortOrders&gt;b__7_0(System.Collections.Generic.KeyValuePair[SerializableGUID,Int32])</Name>
              <FileRef uid="27" />
              <SequencePoints>
                <SequencePoint vc="0" uspid="4162" ordinal="0" offset="0" sl="180" sc="0" el="180" ec="0" bec="0" bev="0" fileid="27" />
                <SequencePoint vc="0" uspid="4163" ordinal="0" offset="1" sl="180" sc="0" el="180" ec="0" bec="0" bev="0" fileid="27" />
                <SequencePoint vc="0" uspid="4164" ordinal="0" offset="23" sl="180" sc="0" el="180" ec="0" bec="0" bev="0" fileid="27" />
              </SequencePoints>
              <BranchPoints />
            </Method>
          </Methods>
        </Class>
      </Classes>
    </Module>
  </Modules>
</CoverageSession>